[2025-05-27T15:31:14.883+0000] {processor.py:157} INFO - Started process (PID=165) to work on /opt/airflow/dags/data_processing_zeta.py
[2025-05-27T15:31:14.886+0000] {processor.py:829} INFO - Processing file /opt/airflow/dags/data_processing_zeta.py for tasks to queue
[2025-05-27T15:31:14.889+0000] {logging_mixin.py:154} INFO - [2025-05-27T15:31:14.889+0000] {dagbag.py:536} INFO - Filling up the DagBag from /opt/airflow/dags/data_processing_zeta.py
[2025-05-27T15:31:14.939+0000] {processor.py:839} INFO - DAG(s) dict_keys(['data_processing_zeta']) retrieved from /opt/airflow/dags/data_processing_zeta.py
[2025-05-27T15:31:15.093+0000] {logging_mixin.py:154} INFO - [2025-05-27T15:31:15.093+0000] {dag.py:2941} INFO - Sync 1 DAGs
[2025-05-27T15:31:15.236+0000] {logging_mixin.py:154} INFO - [2025-05-27T15:31:15.235+0000] {dag.py:3722} INFO - Setting next_dagrun for data_processing_zeta to 2025-05-27T00:00:00+00:00, run_after=2025-05-28T00:00:00+00:00
[2025-05-27T15:31:15.308+0000] {processor.py:179} INFO - Processing /opt/airflow/dags/data_processing_zeta.py took 0.437 seconds
[2025-05-27T15:31:45.704+0000] {processor.py:157} INFO - Started process (PID=401) to work on /opt/airflow/dags/data_processing_zeta.py
[2025-05-27T15:31:45.706+0000] {processor.py:829} INFO - Processing file /opt/airflow/dags/data_processing_zeta.py for tasks to queue
[2025-05-27T15:31:45.708+0000] {logging_mixin.py:154} INFO - [2025-05-27T15:31:45.706+0000] {dagbag.py:536} INFO - Filling up the DagBag from /opt/airflow/dags/data_processing_zeta.py
[2025-05-27T15:31:45.741+0000] {processor.py:839} INFO - DAG(s) dict_keys(['data_processing_zeta']) retrieved from /opt/airflow/dags/data_processing_zeta.py
[2025-05-27T15:31:45.773+0000] {logging_mixin.py:154} INFO - [2025-05-27T15:31:45.773+0000] {dag.py:2941} INFO - Sync 1 DAGs
[2025-05-27T15:31:45.811+0000] {logging_mixin.py:154} INFO - [2025-05-27T15:31:45.810+0000] {dag.py:3722} INFO - Setting next_dagrun for data_processing_zeta to 2025-05-27T00:00:00+00:00, run_after=2025-05-28T00:00:00+00:00
[2025-05-27T15:31:45.827+0000] {processor.py:179} INFO - Processing /opt/airflow/dags/data_processing_zeta.py took 0.127 seconds
[2025-05-27T15:32:16.453+0000] {processor.py:157} INFO - Started process (PID=637) to work on /opt/airflow/dags/data_processing_zeta.py
[2025-05-27T15:32:16.454+0000] {processor.py:829} INFO - Processing file /opt/airflow/dags/data_processing_zeta.py for tasks to queue
[2025-05-27T15:32:16.455+0000] {logging_mixin.py:154} INFO - [2025-05-27T15:32:16.454+0000] {dagbag.py:536} INFO - Filling up the DagBag from /opt/airflow/dags/data_processing_zeta.py
[2025-05-27T15:32:16.465+0000] {processor.py:839} INFO - DAG(s) dict_keys(['data_processing_zeta']) retrieved from /opt/airflow/dags/data_processing_zeta.py
[2025-05-27T15:32:16.490+0000] {logging_mixin.py:154} INFO - [2025-05-27T15:32:16.490+0000] {dag.py:2941} INFO - Sync 1 DAGs
[2025-05-27T15:32:16.518+0000] {logging_mixin.py:154} INFO - [2025-05-27T15:32:16.518+0000] {dag.py:3722} INFO - Setting next_dagrun for data_processing_zeta to 2025-05-27T00:00:00+00:00, run_after=2025-05-28T00:00:00+00:00
[2025-05-27T15:32:16.537+0000] {processor.py:179} INFO - Processing /opt/airflow/dags/data_processing_zeta.py took 0.087 seconds
[2025-05-27T15:32:47.345+0000] {processor.py:157} INFO - Started process (PID=873) to work on /opt/airflow/dags/data_processing_zeta.py
[2025-05-27T15:32:47.346+0000] {processor.py:829} INFO - Processing file /opt/airflow/dags/data_processing_zeta.py for tasks to queue
[2025-05-27T15:32:47.347+0000] {logging_mixin.py:154} INFO - [2025-05-27T15:32:47.346+0000] {dagbag.py:536} INFO - Filling up the DagBag from /opt/airflow/dags/data_processing_zeta.py
[2025-05-27T15:32:47.357+0000] {processor.py:839} INFO - DAG(s) dict_keys(['data_processing_zeta']) retrieved from /opt/airflow/dags/data_processing_zeta.py
[2025-05-27T15:32:47.381+0000] {logging_mixin.py:154} INFO - [2025-05-27T15:32:47.381+0000] {dag.py:2941} INFO - Sync 1 DAGs
[2025-05-27T15:32:47.408+0000] {logging_mixin.py:154} INFO - [2025-05-27T15:32:47.408+0000] {dag.py:3722} INFO - Setting next_dagrun for data_processing_zeta to 2025-05-27T00:00:00+00:00, run_after=2025-05-28T00:00:00+00:00
[2025-05-27T15:32:47.425+0000] {processor.py:179} INFO - Processing /opt/airflow/dags/data_processing_zeta.py took 0.084 seconds
[2025-05-27T15:33:18.070+0000] {processor.py:157} INFO - Started process (PID=1109) to work on /opt/airflow/dags/data_processing_zeta.py
[2025-05-27T15:33:18.072+0000] {processor.py:829} INFO - Processing file /opt/airflow/dags/data_processing_zeta.py for tasks to queue
[2025-05-27T15:33:18.073+0000] {logging_mixin.py:154} INFO - [2025-05-27T15:33:18.072+0000] {dagbag.py:536} INFO - Filling up the DagBag from /opt/airflow/dags/data_processing_zeta.py
[2025-05-27T15:33:18.083+0000] {processor.py:839} INFO - DAG(s) dict_keys(['data_processing_zeta']) retrieved from /opt/airflow/dags/data_processing_zeta.py
[2025-05-27T15:33:18.127+0000] {logging_mixin.py:154} INFO - [2025-05-27T15:33:18.127+0000] {dag.py:2941} INFO - Sync 1 DAGs
[2025-05-27T15:33:18.158+0000] {logging_mixin.py:154} INFO - [2025-05-27T15:33:18.158+0000] {dag.py:3722} INFO - Setting next_dagrun for data_processing_zeta to 2025-05-27T00:00:00+00:00, run_after=2025-05-28T00:00:00+00:00
[2025-05-27T15:33:18.175+0000] {processor.py:179} INFO - Processing /opt/airflow/dags/data_processing_zeta.py took 0.108 seconds
[2025-05-27T15:33:48.217+0000] {processor.py:157} INFO - Started process (PID=1345) to work on /opt/airflow/dags/data_processing_zeta.py
[2025-05-27T15:33:48.218+0000] {processor.py:829} INFO - Processing file /opt/airflow/dags/data_processing_zeta.py for tasks to queue
[2025-05-27T15:33:48.218+0000] {logging_mixin.py:154} INFO - [2025-05-27T15:33:48.218+0000] {dagbag.py:536} INFO - Filling up the DagBag from /opt/airflow/dags/data_processing_zeta.py
[2025-05-27T15:33:48.225+0000] {processor.py:839} INFO - DAG(s) dict_keys(['data_processing_zeta']) retrieved from /opt/airflow/dags/data_processing_zeta.py
[2025-05-27T15:33:48.242+0000] {logging_mixin.py:154} INFO - [2025-05-27T15:33:48.242+0000] {dag.py:2941} INFO - Sync 1 DAGs
[2025-05-27T15:33:48.259+0000] {logging_mixin.py:154} INFO - [2025-05-27T15:33:48.259+0000] {dag.py:3722} INFO - Setting next_dagrun for data_processing_zeta to 2025-05-27T00:00:00+00:00, run_after=2025-05-28T00:00:00+00:00
[2025-05-27T15:33:48.272+0000] {processor.py:179} INFO - Processing /opt/airflow/dags/data_processing_zeta.py took 0.058 seconds
[2025-05-27T15:34:18.874+0000] {processor.py:157} INFO - Started process (PID=1581) to work on /opt/airflow/dags/data_processing_zeta.py
[2025-05-27T15:34:18.875+0000] {processor.py:829} INFO - Processing file /opt/airflow/dags/data_processing_zeta.py for tasks to queue
[2025-05-27T15:34:18.875+0000] {logging_mixin.py:154} INFO - [2025-05-27T15:34:18.875+0000] {dagbag.py:536} INFO - Filling up the DagBag from /opt/airflow/dags/data_processing_zeta.py
[2025-05-27T15:34:18.886+0000] {processor.py:839} INFO - DAG(s) dict_keys(['data_processing_zeta']) retrieved from /opt/airflow/dags/data_processing_zeta.py
[2025-05-27T15:34:18.910+0000] {logging_mixin.py:154} INFO - [2025-05-27T15:34:18.910+0000] {dag.py:2941} INFO - Sync 1 DAGs
[2025-05-27T15:34:18.937+0000] {logging_mixin.py:154} INFO - [2025-05-27T15:34:18.937+0000] {dag.py:3722} INFO - Setting next_dagrun for data_processing_zeta to 2025-05-27T00:00:00+00:00, run_after=2025-05-28T00:00:00+00:00
[2025-05-27T15:34:18.954+0000] {processor.py:179} INFO - Processing /opt/airflow/dags/data_processing_zeta.py took 0.084 seconds
[2025-05-27T15:34:49.494+0000] {processor.py:157} INFO - Started process (PID=1817) to work on /opt/airflow/dags/data_processing_zeta.py
[2025-05-27T15:34:49.495+0000] {processor.py:829} INFO - Processing file /opt/airflow/dags/data_processing_zeta.py for tasks to queue
[2025-05-27T15:34:49.496+0000] {logging_mixin.py:154} INFO - [2025-05-27T15:34:49.495+0000] {dagbag.py:536} INFO - Filling up the DagBag from /opt/airflow/dags/data_processing_zeta.py
[2025-05-27T15:34:49.506+0000] {processor.py:839} INFO - DAG(s) dict_keys(['data_processing_zeta']) retrieved from /opt/airflow/dags/data_processing_zeta.py
[2025-05-27T15:34:49.530+0000] {logging_mixin.py:154} INFO - [2025-05-27T15:34:49.529+0000] {dag.py:2941} INFO - Sync 1 DAGs
[2025-05-27T15:34:49.556+0000] {logging_mixin.py:154} INFO - [2025-05-27T15:34:49.556+0000] {dag.py:3722} INFO - Setting next_dagrun for data_processing_zeta to 2025-05-27T00:00:00+00:00, run_after=2025-05-28T00:00:00+00:00
[2025-05-27T15:34:49.573+0000] {processor.py:179} INFO - Processing /opt/airflow/dags/data_processing_zeta.py took 0.082 seconds
[2025-05-27T15:35:20.083+0000] {processor.py:157} INFO - Started process (PID=2053) to work on /opt/airflow/dags/data_processing_zeta.py
[2025-05-27T15:35:20.084+0000] {processor.py:829} INFO - Processing file /opt/airflow/dags/data_processing_zeta.py for tasks to queue
[2025-05-27T15:35:20.085+0000] {logging_mixin.py:154} INFO - [2025-05-27T15:35:20.084+0000] {dagbag.py:536} INFO - Filling up the DagBag from /opt/airflow/dags/data_processing_zeta.py
[2025-05-27T15:35:20.095+0000] {processor.py:839} INFO - DAG(s) dict_keys(['data_processing_zeta']) retrieved from /opt/airflow/dags/data_processing_zeta.py
[2025-05-27T15:35:20.117+0000] {logging_mixin.py:154} INFO - [2025-05-27T15:35:20.117+0000] {dag.py:2941} INFO - Sync 1 DAGs
[2025-05-27T15:35:20.144+0000] {logging_mixin.py:154} INFO - [2025-05-27T15:35:20.144+0000] {dag.py:3722} INFO - Setting next_dagrun for data_processing_zeta to 2025-05-27T00:00:00+00:00, run_after=2025-05-28T00:00:00+00:00
[2025-05-27T15:35:20.162+0000] {processor.py:179} INFO - Processing /opt/airflow/dags/data_processing_zeta.py took 0.082 seconds
[2025-05-27T15:35:50.746+0000] {processor.py:157} INFO - Started process (PID=2289) to work on /opt/airflow/dags/data_processing_zeta.py
[2025-05-27T15:35:50.748+0000] {processor.py:829} INFO - Processing file /opt/airflow/dags/data_processing_zeta.py for tasks to queue
[2025-05-27T15:35:50.748+0000] {logging_mixin.py:154} INFO - [2025-05-27T15:35:50.748+0000] {dagbag.py:536} INFO - Filling up the DagBag from /opt/airflow/dags/data_processing_zeta.py
[2025-05-27T15:35:50.759+0000] {processor.py:839} INFO - DAG(s) dict_keys(['data_processing_zeta']) retrieved from /opt/airflow/dags/data_processing_zeta.py
[2025-05-27T15:35:50.782+0000] {logging_mixin.py:154} INFO - [2025-05-27T15:35:50.782+0000] {dag.py:2941} INFO - Sync 1 DAGs
[2025-05-27T15:35:50.809+0000] {logging_mixin.py:154} INFO - [2025-05-27T15:35:50.809+0000] {dag.py:3722} INFO - Setting next_dagrun for data_processing_zeta to 2025-05-27T00:00:00+00:00, run_after=2025-05-28T00:00:00+00:00
[2025-05-27T15:35:50.825+0000] {processor.py:179} INFO - Processing /opt/airflow/dags/data_processing_zeta.py took 0.083 seconds
[2025-05-27T15:36:21.380+0000] {processor.py:157} INFO - Started process (PID=2525) to work on /opt/airflow/dags/data_processing_zeta.py
[2025-05-27T15:36:21.381+0000] {processor.py:829} INFO - Processing file /opt/airflow/dags/data_processing_zeta.py for tasks to queue
[2025-05-27T15:36:21.382+0000] {logging_mixin.py:154} INFO - [2025-05-27T15:36:21.381+0000] {dagbag.py:536} INFO - Filling up the DagBag from /opt/airflow/dags/data_processing_zeta.py
[2025-05-27T15:36:21.392+0000] {processor.py:839} INFO - DAG(s) dict_keys(['data_processing_zeta']) retrieved from /opt/airflow/dags/data_processing_zeta.py
[2025-05-27T15:36:21.416+0000] {logging_mixin.py:154} INFO - [2025-05-27T15:36:21.415+0000] {dag.py:2941} INFO - Sync 1 DAGs
[2025-05-27T15:36:21.442+0000] {logging_mixin.py:154} INFO - [2025-05-27T15:36:21.442+0000] {dag.py:3722} INFO - Setting next_dagrun for data_processing_zeta to 2025-05-27T00:00:00+00:00, run_after=2025-05-28T00:00:00+00:00
[2025-05-27T15:36:21.458+0000] {processor.py:179} INFO - Processing /opt/airflow/dags/data_processing_zeta.py took 0.082 seconds
[2025-05-27T15:36:52.114+0000] {processor.py:157} INFO - Started process (PID=2761) to work on /opt/airflow/dags/data_processing_zeta.py
[2025-05-27T15:36:52.115+0000] {processor.py:829} INFO - Processing file /opt/airflow/dags/data_processing_zeta.py for tasks to queue
[2025-05-27T15:36:52.115+0000] {logging_mixin.py:154} INFO - [2025-05-27T15:36:52.115+0000] {dagbag.py:536} INFO - Filling up the DagBag from /opt/airflow/dags/data_processing_zeta.py
[2025-05-27T15:36:52.126+0000] {processor.py:839} INFO - DAG(s) dict_keys(['data_processing_zeta']) retrieved from /opt/airflow/dags/data_processing_zeta.py
[2025-05-27T15:36:52.150+0000] {logging_mixin.py:154} INFO - [2025-05-27T15:36:52.150+0000] {dag.py:2941} INFO - Sync 1 DAGs
[2025-05-27T15:36:52.187+0000] {logging_mixin.py:154} INFO - [2025-05-27T15:36:52.187+0000] {dag.py:3722} INFO - Setting next_dagrun for data_processing_zeta to 2025-05-27T00:00:00+00:00, run_after=2025-05-28T00:00:00+00:00
[2025-05-27T15:36:52.205+0000] {processor.py:179} INFO - Processing /opt/airflow/dags/data_processing_zeta.py took 0.095 seconds
[2025-05-27T15:37:22.792+0000] {processor.py:157} INFO - Started process (PID=2997) to work on /opt/airflow/dags/data_processing_zeta.py
[2025-05-27T15:37:22.793+0000] {processor.py:829} INFO - Processing file /opt/airflow/dags/data_processing_zeta.py for tasks to queue
[2025-05-27T15:37:22.794+0000] {logging_mixin.py:154} INFO - [2025-05-27T15:37:22.794+0000] {dagbag.py:536} INFO - Filling up the DagBag from /opt/airflow/dags/data_processing_zeta.py
[2025-05-27T15:37:22.804+0000] {processor.py:839} INFO - DAG(s) dict_keys(['data_processing_zeta']) retrieved from /opt/airflow/dags/data_processing_zeta.py
[2025-05-27T15:37:22.828+0000] {logging_mixin.py:154} INFO - [2025-05-27T15:37:22.827+0000] {dag.py:2941} INFO - Sync 1 DAGs
[2025-05-27T15:37:22.854+0000] {logging_mixin.py:154} INFO - [2025-05-27T15:37:22.854+0000] {dag.py:3722} INFO - Setting next_dagrun for data_processing_zeta to 2025-05-27T00:00:00+00:00, run_after=2025-05-28T00:00:00+00:00
[2025-05-27T15:37:22.870+0000] {processor.py:179} INFO - Processing /opt/airflow/dags/data_processing_zeta.py took 0.081 seconds
[2025-05-27T15:37:53.432+0000] {processor.py:157} INFO - Started process (PID=3233) to work on /opt/airflow/dags/data_processing_zeta.py
[2025-05-27T15:37:53.433+0000] {processor.py:829} INFO - Processing file /opt/airflow/dags/data_processing_zeta.py for tasks to queue
[2025-05-27T15:37:53.434+0000] {logging_mixin.py:154} INFO - [2025-05-27T15:37:53.433+0000] {dagbag.py:536} INFO - Filling up the DagBag from /opt/airflow/dags/data_processing_zeta.py
[2025-05-27T15:37:53.444+0000] {processor.py:839} INFO - DAG(s) dict_keys(['data_processing_zeta']) retrieved from /opt/airflow/dags/data_processing_zeta.py
[2025-05-27T15:37:53.468+0000] {logging_mixin.py:154} INFO - [2025-05-27T15:37:53.468+0000] {dag.py:2941} INFO - Sync 1 DAGs
[2025-05-27T15:37:53.494+0000] {logging_mixin.py:154} INFO - [2025-05-27T15:37:53.494+0000] {dag.py:3722} INFO - Setting next_dagrun for data_processing_zeta to 2025-05-27T00:00:00+00:00, run_after=2025-05-28T00:00:00+00:00
[2025-05-27T15:37:53.511+0000] {processor.py:179} INFO - Processing /opt/airflow/dags/data_processing_zeta.py took 0.082 seconds
[2025-05-27T15:38:24.023+0000] {processor.py:157} INFO - Started process (PID=3469) to work on /opt/airflow/dags/data_processing_zeta.py
[2025-05-27T15:38:24.024+0000] {processor.py:829} INFO - Processing file /opt/airflow/dags/data_processing_zeta.py for tasks to queue
[2025-05-27T15:38:24.024+0000] {logging_mixin.py:154} INFO - [2025-05-27T15:38:24.024+0000] {dagbag.py:536} INFO - Filling up the DagBag from /opt/airflow/dags/data_processing_zeta.py
[2025-05-27T15:38:24.035+0000] {processor.py:839} INFO - DAG(s) dict_keys(['data_processing_zeta']) retrieved from /opt/airflow/dags/data_processing_zeta.py
[2025-05-27T15:38:24.059+0000] {logging_mixin.py:154} INFO - [2025-05-27T15:38:24.059+0000] {dag.py:2941} INFO - Sync 1 DAGs
[2025-05-27T15:38:24.086+0000] {logging_mixin.py:154} INFO - [2025-05-27T15:38:24.086+0000] {dag.py:3722} INFO - Setting next_dagrun for data_processing_zeta to 2025-05-27T00:00:00+00:00, run_after=2025-05-28T00:00:00+00:00
[2025-05-27T15:38:24.104+0000] {processor.py:179} INFO - Processing /opt/airflow/dags/data_processing_zeta.py took 0.085 seconds
[2025-05-27T15:38:54.143+0000] {processor.py:157} INFO - Started process (PID=3705) to work on /opt/airflow/dags/data_processing_zeta.py
[2025-05-27T15:38:54.144+0000] {processor.py:829} INFO - Processing file /opt/airflow/dags/data_processing_zeta.py for tasks to queue
[2025-05-27T15:38:54.144+0000] {logging_mixin.py:154} INFO - [2025-05-27T15:38:54.144+0000] {dagbag.py:536} INFO - Filling up the DagBag from /opt/airflow/dags/data_processing_zeta.py
[2025-05-27T15:38:54.152+0000] {processor.py:839} INFO - DAG(s) dict_keys(['data_processing_zeta']) retrieved from /opt/airflow/dags/data_processing_zeta.py
[2025-05-27T15:38:54.174+0000] {logging_mixin.py:154} INFO - [2025-05-27T15:38:54.173+0000] {dag.py:2941} INFO - Sync 1 DAGs
[2025-05-27T15:38:54.192+0000] {logging_mixin.py:154} INFO - [2025-05-27T15:38:54.192+0000] {dag.py:3722} INFO - Setting next_dagrun for data_processing_zeta to 2025-05-27T00:00:00+00:00, run_after=2025-05-28T00:00:00+00:00
[2025-05-27T15:38:54.204+0000] {processor.py:179} INFO - Processing /opt/airflow/dags/data_processing_zeta.py took 0.064 seconds
[2025-05-27T15:39:24.848+0000] {processor.py:157} INFO - Started process (PID=3941) to work on /opt/airflow/dags/data_processing_zeta.py
[2025-05-27T15:39:24.849+0000] {processor.py:829} INFO - Processing file /opt/airflow/dags/data_processing_zeta.py for tasks to queue
[2025-05-27T15:39:24.850+0000] {logging_mixin.py:154} INFO - [2025-05-27T15:39:24.850+0000] {dagbag.py:536} INFO - Filling up the DagBag from /opt/airflow/dags/data_processing_zeta.py
[2025-05-27T15:39:24.861+0000] {processor.py:839} INFO - DAG(s) dict_keys(['data_processing_zeta']) retrieved from /opt/airflow/dags/data_processing_zeta.py
[2025-05-27T15:39:24.885+0000] {logging_mixin.py:154} INFO - [2025-05-27T15:39:24.885+0000] {dag.py:2941} INFO - Sync 1 DAGs
[2025-05-27T15:39:24.912+0000] {logging_mixin.py:154} INFO - [2025-05-27T15:39:24.912+0000] {dag.py:3722} INFO - Setting next_dagrun for data_processing_zeta to 2025-05-27T00:00:00+00:00, run_after=2025-05-28T00:00:00+00:00
[2025-05-27T15:39:24.929+0000] {processor.py:179} INFO - Processing /opt/airflow/dags/data_processing_zeta.py took 0.084 seconds
[2025-05-27T15:39:55.553+0000] {processor.py:157} INFO - Started process (PID=4177) to work on /opt/airflow/dags/data_processing_zeta.py
[2025-05-27T15:39:55.554+0000] {processor.py:829} INFO - Processing file /opt/airflow/dags/data_processing_zeta.py for tasks to queue
[2025-05-27T15:39:55.555+0000] {logging_mixin.py:154} INFO - [2025-05-27T15:39:55.555+0000] {dagbag.py:536} INFO - Filling up the DagBag from /opt/airflow/dags/data_processing_zeta.py
[2025-05-27T15:39:55.566+0000] {processor.py:839} INFO - DAG(s) dict_keys(['data_processing_zeta']) retrieved from /opt/airflow/dags/data_processing_zeta.py
[2025-05-27T15:39:55.590+0000] {logging_mixin.py:154} INFO - [2025-05-27T15:39:55.590+0000] {dag.py:2941} INFO - Sync 1 DAGs
[2025-05-27T15:39:55.617+0000] {logging_mixin.py:154} INFO - [2025-05-27T15:39:55.617+0000] {dag.py:3722} INFO - Setting next_dagrun for data_processing_zeta to 2025-05-27T00:00:00+00:00, run_after=2025-05-28T00:00:00+00:00
[2025-05-27T15:39:55.643+0000] {processor.py:179} INFO - Processing /opt/airflow/dags/data_processing_zeta.py took 0.093 seconds
[2025-05-27T15:40:26.086+0000] {processor.py:157} INFO - Started process (PID=4413) to work on /opt/airflow/dags/data_processing_zeta.py
[2025-05-27T15:40:26.087+0000] {processor.py:829} INFO - Processing file /opt/airflow/dags/data_processing_zeta.py for tasks to queue
[2025-05-27T15:40:26.088+0000] {logging_mixin.py:154} INFO - [2025-05-27T15:40:26.087+0000] {dagbag.py:536} INFO - Filling up the DagBag from /opt/airflow/dags/data_processing_zeta.py
[2025-05-27T15:40:26.098+0000] {processor.py:839} INFO - DAG(s) dict_keys(['data_processing_zeta']) retrieved from /opt/airflow/dags/data_processing_zeta.py
[2025-05-27T15:40:26.121+0000] {logging_mixin.py:154} INFO - [2025-05-27T15:40:26.121+0000] {dag.py:2941} INFO - Sync 1 DAGs
[2025-05-27T15:40:26.150+0000] {logging_mixin.py:154} INFO - [2025-05-27T15:40:26.149+0000] {dag.py:3722} INFO - Setting next_dagrun for data_processing_zeta to 2025-05-27T00:00:00+00:00, run_after=2025-05-28T00:00:00+00:00
[2025-05-27T15:40:26.167+0000] {processor.py:179} INFO - Processing /opt/airflow/dags/data_processing_zeta.py took 0.085 seconds
[2025-05-27T15:40:56.683+0000] {processor.py:157} INFO - Started process (PID=4649) to work on /opt/airflow/dags/data_processing_zeta.py
[2025-05-27T15:40:56.683+0000] {processor.py:829} INFO - Processing file /opt/airflow/dags/data_processing_zeta.py for tasks to queue
[2025-05-27T15:40:56.684+0000] {logging_mixin.py:154} INFO - [2025-05-27T15:40:56.684+0000] {dagbag.py:536} INFO - Filling up the DagBag from /opt/airflow/dags/data_processing_zeta.py
[2025-05-27T15:40:56.695+0000] {processor.py:839} INFO - DAG(s) dict_keys(['data_processing_zeta']) retrieved from /opt/airflow/dags/data_processing_zeta.py
[2025-05-27T15:40:56.718+0000] {logging_mixin.py:154} INFO - [2025-05-27T15:40:56.718+0000] {dag.py:2941} INFO - Sync 1 DAGs
[2025-05-27T15:40:56.745+0000] {logging_mixin.py:154} INFO - [2025-05-27T15:40:56.745+0000] {dag.py:3722} INFO - Setting next_dagrun for data_processing_zeta to 2025-05-27T00:00:00+00:00, run_after=2025-05-28T00:00:00+00:00
[2025-05-27T15:40:56.763+0000] {processor.py:179} INFO - Processing /opt/airflow/dags/data_processing_zeta.py took 0.084 seconds
[2025-05-27T15:41:27.588+0000] {processor.py:157} INFO - Started process (PID=4885) to work on /opt/airflow/dags/data_processing_zeta.py
[2025-05-27T15:41:27.589+0000] {processor.py:829} INFO - Processing file /opt/airflow/dags/data_processing_zeta.py for tasks to queue
[2025-05-27T15:41:27.590+0000] {logging_mixin.py:154} INFO - [2025-05-27T15:41:27.589+0000] {dagbag.py:536} INFO - Filling up the DagBag from /opt/airflow/dags/data_processing_zeta.py
[2025-05-27T15:41:27.600+0000] {processor.py:839} INFO - DAG(s) dict_keys(['data_processing_zeta']) retrieved from /opt/airflow/dags/data_processing_zeta.py
[2025-05-27T15:41:27.624+0000] {logging_mixin.py:154} INFO - [2025-05-27T15:41:27.624+0000] {dag.py:2941} INFO - Sync 1 DAGs
[2025-05-27T15:41:27.652+0000] {logging_mixin.py:154} INFO - [2025-05-27T15:41:27.652+0000] {dag.py:3722} INFO - Setting next_dagrun for data_processing_zeta to 2025-05-27T00:00:00+00:00, run_after=2025-05-28T00:00:00+00:00
[2025-05-27T15:41:27.670+0000] {processor.py:179} INFO - Processing /opt/airflow/dags/data_processing_zeta.py took 0.086 seconds
[2025-05-27T15:41:58.333+0000] {processor.py:157} INFO - Started process (PID=5121) to work on /opt/airflow/dags/data_processing_zeta.py
[2025-05-27T15:41:58.335+0000] {processor.py:829} INFO - Processing file /opt/airflow/dags/data_processing_zeta.py for tasks to queue
[2025-05-27T15:41:58.335+0000] {logging_mixin.py:154} INFO - [2025-05-27T15:41:58.335+0000] {dagbag.py:536} INFO - Filling up the DagBag from /opt/airflow/dags/data_processing_zeta.py
[2025-05-27T15:41:58.347+0000] {processor.py:839} INFO - DAG(s) dict_keys(['data_processing_zeta']) retrieved from /opt/airflow/dags/data_processing_zeta.py
[2025-05-27T15:41:58.371+0000] {logging_mixin.py:154} INFO - [2025-05-27T15:41:58.370+0000] {dag.py:2941} INFO - Sync 1 DAGs
[2025-05-27T15:41:58.437+0000] {logging_mixin.py:154} INFO - [2025-05-27T15:41:58.436+0000] {dag.py:3722} INFO - Setting next_dagrun for data_processing_zeta to 2025-05-27T00:00:00+00:00, run_after=2025-05-28T00:00:00+00:00
[2025-05-27T15:41:58.454+0000] {processor.py:179} INFO - Processing /opt/airflow/dags/data_processing_zeta.py took 0.125 seconds
[2025-05-27T15:42:28.529+0000] {processor.py:157} INFO - Started process (PID=5357) to work on /opt/airflow/dags/data_processing_zeta.py
[2025-05-27T15:42:28.531+0000] {processor.py:829} INFO - Processing file /opt/airflow/dags/data_processing_zeta.py for tasks to queue
[2025-05-27T15:42:28.532+0000] {logging_mixin.py:154} INFO - [2025-05-27T15:42:28.531+0000] {dagbag.py:536} INFO - Filling up the DagBag from /opt/airflow/dags/data_processing_zeta.py
[2025-05-27T15:42:28.542+0000] {processor.py:839} INFO - DAG(s) dict_keys(['data_processing_zeta']) retrieved from /opt/airflow/dags/data_processing_zeta.py
[2025-05-27T15:42:28.566+0000] {logging_mixin.py:154} INFO - [2025-05-27T15:42:28.566+0000] {dag.py:2941} INFO - Sync 1 DAGs
[2025-05-27T15:42:28.594+0000] {logging_mixin.py:154} INFO - [2025-05-27T15:42:28.594+0000] {dag.py:3722} INFO - Setting next_dagrun for data_processing_zeta to 2025-05-27T00:00:00+00:00, run_after=2025-05-28T00:00:00+00:00
[2025-05-27T15:42:28.611+0000] {processor.py:179} INFO - Processing /opt/airflow/dags/data_processing_zeta.py took 0.085 seconds
[2025-05-27T15:42:59.387+0000] {processor.py:157} INFO - Started process (PID=5593) to work on /opt/airflow/dags/data_processing_zeta.py
[2025-05-27T15:42:59.388+0000] {processor.py:829} INFO - Processing file /opt/airflow/dags/data_processing_zeta.py for tasks to queue
[2025-05-27T15:42:59.389+0000] {logging_mixin.py:154} INFO - [2025-05-27T15:42:59.389+0000] {dagbag.py:536} INFO - Filling up the DagBag from /opt/airflow/dags/data_processing_zeta.py
[2025-05-27T15:42:59.400+0000] {processor.py:839} INFO - DAG(s) dict_keys(['data_processing_zeta']) retrieved from /opt/airflow/dags/data_processing_zeta.py
[2025-05-27T15:42:59.424+0000] {logging_mixin.py:154} INFO - [2025-05-27T15:42:59.423+0000] {dag.py:2941} INFO - Sync 1 DAGs
[2025-05-27T15:42:59.450+0000] {logging_mixin.py:154} INFO - [2025-05-27T15:42:59.450+0000] {dag.py:3722} INFO - Setting next_dagrun for data_processing_zeta to 2025-05-27T00:00:00+00:00, run_after=2025-05-28T00:00:00+00:00
[2025-05-27T15:42:59.468+0000] {processor.py:179} INFO - Processing /opt/airflow/dags/data_processing_zeta.py took 0.085 seconds
[2025-05-27T15:43:30.126+0000] {processor.py:157} INFO - Started process (PID=5829) to work on /opt/airflow/dags/data_processing_zeta.py
[2025-05-27T15:43:30.127+0000] {processor.py:829} INFO - Processing file /opt/airflow/dags/data_processing_zeta.py for tasks to queue
[2025-05-27T15:43:30.131+0000] {logging_mixin.py:154} INFO - [2025-05-27T15:43:30.129+0000] {dagbag.py:536} INFO - Filling up the DagBag from /opt/airflow/dags/data_processing_zeta.py
[2025-05-27T15:43:30.158+0000] {processor.py:839} INFO - DAG(s) dict_keys(['data_processing_zeta']) retrieved from /opt/airflow/dags/data_processing_zeta.py
[2025-05-27T15:43:30.211+0000] {logging_mixin.py:154} INFO - [2025-05-27T15:43:30.211+0000] {dag.py:2941} INFO - Sync 1 DAGs
[2025-05-27T15:43:30.238+0000] {logging_mixin.py:154} INFO - [2025-05-27T15:43:30.238+0000] {dag.py:3722} INFO - Setting next_dagrun for data_processing_zeta to 2025-05-27T00:00:00+00:00, run_after=2025-05-28T00:00:00+00:00
[2025-05-27T15:43:30.256+0000] {processor.py:179} INFO - Processing /opt/airflow/dags/data_processing_zeta.py took 0.142 seconds
[2025-05-27T15:44:00.846+0000] {processor.py:157} INFO - Started process (PID=6065) to work on /opt/airflow/dags/data_processing_zeta.py
[2025-05-27T15:44:00.847+0000] {processor.py:829} INFO - Processing file /opt/airflow/dags/data_processing_zeta.py for tasks to queue
[2025-05-27T15:44:00.848+0000] {logging_mixin.py:154} INFO - [2025-05-27T15:44:00.848+0000] {dagbag.py:536} INFO - Filling up the DagBag from /opt/airflow/dags/data_processing_zeta.py
[2025-05-27T15:44:00.861+0000] {processor.py:839} INFO - DAG(s) dict_keys(['data_processing_zeta']) retrieved from /opt/airflow/dags/data_processing_zeta.py
[2025-05-27T15:44:00.886+0000] {logging_mixin.py:154} INFO - [2025-05-27T15:44:00.886+0000] {dag.py:2941} INFO - Sync 1 DAGs
[2025-05-27T15:44:00.914+0000] {logging_mixin.py:154} INFO - [2025-05-27T15:44:00.914+0000] {dag.py:3722} INFO - Setting next_dagrun for data_processing_zeta to 2025-05-27T00:00:00+00:00, run_after=2025-05-28T00:00:00+00:00
[2025-05-27T15:44:00.932+0000] {processor.py:179} INFO - Processing /opt/airflow/dags/data_processing_zeta.py took 0.089 seconds
[2025-05-27T15:44:31.464+0000] {processor.py:157} INFO - Started process (PID=6301) to work on /opt/airflow/dags/data_processing_zeta.py
[2025-05-27T15:44:31.465+0000] {processor.py:829} INFO - Processing file /opt/airflow/dags/data_processing_zeta.py for tasks to queue
[2025-05-27T15:44:31.465+0000] {logging_mixin.py:154} INFO - [2025-05-27T15:44:31.465+0000] {dagbag.py:536} INFO - Filling up the DagBag from /opt/airflow/dags/data_processing_zeta.py
[2025-05-27T15:44:31.476+0000] {processor.py:839} INFO - DAG(s) dict_keys(['data_processing_zeta']) retrieved from /opt/airflow/dags/data_processing_zeta.py
[2025-05-27T15:44:31.499+0000] {logging_mixin.py:154} INFO - [2025-05-27T15:44:31.499+0000] {dag.py:2941} INFO - Sync 1 DAGs
[2025-05-27T15:44:31.528+0000] {logging_mixin.py:154} INFO - [2025-05-27T15:44:31.528+0000] {dag.py:3722} INFO - Setting next_dagrun for data_processing_zeta to 2025-05-27T00:00:00+00:00, run_after=2025-05-28T00:00:00+00:00
[2025-05-27T15:44:31.545+0000] {processor.py:179} INFO - Processing /opt/airflow/dags/data_processing_zeta.py took 0.084 seconds
[2025-05-27T15:45:02.148+0000] {processor.py:157} INFO - Started process (PID=6537) to work on /opt/airflow/dags/data_processing_zeta.py
[2025-05-27T15:45:02.149+0000] {processor.py:829} INFO - Processing file /opt/airflow/dags/data_processing_zeta.py for tasks to queue
[2025-05-27T15:45:02.150+0000] {logging_mixin.py:154} INFO - [2025-05-27T15:45:02.149+0000] {dagbag.py:536} INFO - Filling up the DagBag from /opt/airflow/dags/data_processing_zeta.py
[2025-05-27T15:45:02.160+0000] {processor.py:839} INFO - DAG(s) dict_keys(['data_processing_zeta']) retrieved from /opt/airflow/dags/data_processing_zeta.py
[2025-05-27T15:45:02.184+0000] {logging_mixin.py:154} INFO - [2025-05-27T15:45:02.183+0000] {dag.py:2941} INFO - Sync 1 DAGs
[2025-05-27T15:45:02.211+0000] {logging_mixin.py:154} INFO - [2025-05-27T15:45:02.211+0000] {dag.py:3722} INFO - Setting next_dagrun for data_processing_zeta to 2025-05-27T00:00:00+00:00, run_after=2025-05-28T00:00:00+00:00
[2025-05-27T15:45:02.228+0000] {processor.py:179} INFO - Processing /opt/airflow/dags/data_processing_zeta.py took 0.084 seconds
[2025-05-27T15:45:32.947+0000] {processor.py:157} INFO - Started process (PID=6773) to work on /opt/airflow/dags/data_processing_zeta.py
[2025-05-27T15:45:32.949+0000] {processor.py:829} INFO - Processing file /opt/airflow/dags/data_processing_zeta.py for tasks to queue
[2025-05-27T15:45:32.950+0000] {logging_mixin.py:154} INFO - [2025-05-27T15:45:32.949+0000] {dagbag.py:536} INFO - Filling up the DagBag from /opt/airflow/dags/data_processing_zeta.py
[2025-05-27T15:45:32.960+0000] {processor.py:839} INFO - DAG(s) dict_keys(['data_processing_zeta']) retrieved from /opt/airflow/dags/data_processing_zeta.py
[2025-05-27T15:45:32.983+0000] {logging_mixin.py:154} INFO - [2025-05-27T15:45:32.983+0000] {dag.py:2941} INFO - Sync 1 DAGs
[2025-05-27T15:45:33.009+0000] {logging_mixin.py:154} INFO - [2025-05-27T15:45:33.009+0000] {dag.py:3722} INFO - Setting next_dagrun for data_processing_zeta to 2025-05-27T00:00:00+00:00, run_after=2025-05-28T00:00:00+00:00
[2025-05-27T15:45:33.026+0000] {processor.py:179} INFO - Processing /opt/airflow/dags/data_processing_zeta.py took 0.082 seconds
[2025-05-27T15:46:03.241+0000] {processor.py:157} INFO - Started process (PID=7009) to work on /opt/airflow/dags/data_processing_zeta.py
[2025-05-27T15:46:03.242+0000] {processor.py:829} INFO - Processing file /opt/airflow/dags/data_processing_zeta.py for tasks to queue
[2025-05-27T15:46:03.243+0000] {logging_mixin.py:154} INFO - [2025-05-27T15:46:03.242+0000] {dagbag.py:536} INFO - Filling up the DagBag from /opt/airflow/dags/data_processing_zeta.py
[2025-05-27T15:46:03.253+0000] {processor.py:839} INFO - DAG(s) dict_keys(['data_processing_zeta']) retrieved from /opt/airflow/dags/data_processing_zeta.py
[2025-05-27T15:46:03.277+0000] {logging_mixin.py:154} INFO - [2025-05-27T15:46:03.277+0000] {dag.py:2941} INFO - Sync 1 DAGs
[2025-05-27T15:46:03.303+0000] {logging_mixin.py:154} INFO - [2025-05-27T15:46:03.303+0000] {dag.py:3722} INFO - Setting next_dagrun for data_processing_zeta to 2025-05-27T00:00:00+00:00, run_after=2025-05-28T00:00:00+00:00
[2025-05-27T15:46:03.321+0000] {processor.py:179} INFO - Processing /opt/airflow/dags/data_processing_zeta.py took 0.084 seconds
[2025-05-27T15:46:33.499+0000] {processor.py:157} INFO - Started process (PID=7251) to work on /opt/airflow/dags/data_processing_zeta.py
[2025-05-27T15:46:33.500+0000] {processor.py:829} INFO - Processing file /opt/airflow/dags/data_processing_zeta.py for tasks to queue
[2025-05-27T15:46:33.501+0000] {logging_mixin.py:154} INFO - [2025-05-27T15:46:33.501+0000] {dagbag.py:536} INFO - Filling up the DagBag from /opt/airflow/dags/data_processing_zeta.py
[2025-05-27T15:46:33.519+0000] {processor.py:839} INFO - DAG(s) dict_keys(['data_processing_zeta']) retrieved from /opt/airflow/dags/data_processing_zeta.py
[2025-05-27T15:46:33.551+0000] {logging_mixin.py:154} INFO - [2025-05-27T15:46:33.551+0000] {dag.py:2941} INFO - Sync 1 DAGs
[2025-05-27T15:46:33.578+0000] {logging_mixin.py:154} INFO - [2025-05-27T15:46:33.578+0000] {dag.py:3722} INFO - Setting next_dagrun for data_processing_zeta to 2025-05-27T00:00:00+00:00, run_after=2025-05-28T00:00:00+00:00
[2025-05-27T15:46:33.594+0000] {processor.py:179} INFO - Processing /opt/airflow/dags/data_processing_zeta.py took 0.098 seconds
[2025-05-27T15:47:03.747+0000] {processor.py:157} INFO - Started process (PID=7493) to work on /opt/airflow/dags/data_processing_zeta.py
[2025-05-27T15:47:03.749+0000] {processor.py:829} INFO - Processing file /opt/airflow/dags/data_processing_zeta.py for tasks to queue
[2025-05-27T15:47:03.750+0000] {logging_mixin.py:154} INFO - [2025-05-27T15:47:03.749+0000] {dagbag.py:536} INFO - Filling up the DagBag from /opt/airflow/dags/data_processing_zeta.py
[2025-05-27T15:47:03.760+0000] {processor.py:839} INFO - DAG(s) dict_keys(['data_processing_zeta']) retrieved from /opt/airflow/dags/data_processing_zeta.py
[2025-05-27T15:47:03.784+0000] {logging_mixin.py:154} INFO - [2025-05-27T15:47:03.784+0000] {dag.py:2941} INFO - Sync 1 DAGs
[2025-05-27T15:47:03.810+0000] {logging_mixin.py:154} INFO - [2025-05-27T15:47:03.810+0000] {dag.py:3722} INFO - Setting next_dagrun for data_processing_zeta to 2025-05-27T00:00:00+00:00, run_after=2025-05-28T00:00:00+00:00
[2025-05-27T15:47:03.827+0000] {processor.py:179} INFO - Processing /opt/airflow/dags/data_processing_zeta.py took 0.084 seconds
[2025-05-27T15:47:34.095+0000] {processor.py:157} INFO - Started process (PID=7735) to work on /opt/airflow/dags/data_processing_zeta.py
[2025-05-27T15:47:34.096+0000] {processor.py:829} INFO - Processing file /opt/airflow/dags/data_processing_zeta.py for tasks to queue
[2025-05-27T15:47:34.096+0000] {logging_mixin.py:154} INFO - [2025-05-27T15:47:34.096+0000] {dagbag.py:536} INFO - Filling up the DagBag from /opt/airflow/dags/data_processing_zeta.py
[2025-05-27T15:47:34.107+0000] {processor.py:839} INFO - DAG(s) dict_keys(['data_processing_zeta']) retrieved from /opt/airflow/dags/data_processing_zeta.py
[2025-05-27T15:47:34.131+0000] {logging_mixin.py:154} INFO - [2025-05-27T15:47:34.131+0000] {dag.py:2941} INFO - Sync 1 DAGs
[2025-05-27T15:47:34.159+0000] {logging_mixin.py:154} INFO - [2025-05-27T15:47:34.158+0000] {dag.py:3722} INFO - Setting next_dagrun for data_processing_zeta to 2025-05-27T00:00:00+00:00, run_after=2025-05-28T00:00:00+00:00
[2025-05-27T15:47:34.176+0000] {processor.py:179} INFO - Processing /opt/airflow/dags/data_processing_zeta.py took 0.085 seconds
[2025-05-27T15:48:04.251+0000] {processor.py:157} INFO - Started process (PID=7977) to work on /opt/airflow/dags/data_processing_zeta.py
[2025-05-27T15:48:04.252+0000] {processor.py:829} INFO - Processing file /opt/airflow/dags/data_processing_zeta.py for tasks to queue
[2025-05-27T15:48:04.253+0000] {logging_mixin.py:154} INFO - [2025-05-27T15:48:04.253+0000] {dagbag.py:536} INFO - Filling up the DagBag from /opt/airflow/dags/data_processing_zeta.py
[2025-05-27T15:48:04.264+0000] {processor.py:839} INFO - DAG(s) dict_keys(['data_processing_zeta']) retrieved from /opt/airflow/dags/data_processing_zeta.py
[2025-05-27T15:48:04.287+0000] {logging_mixin.py:154} INFO - [2025-05-27T15:48:04.287+0000] {dag.py:2941} INFO - Sync 1 DAGs
[2025-05-27T15:48:04.321+0000] {logging_mixin.py:154} INFO - [2025-05-27T15:48:04.321+0000] {dag.py:3722} INFO - Setting next_dagrun for data_processing_zeta to 2025-05-27T00:00:00+00:00, run_after=2025-05-28T00:00:00+00:00
[2025-05-27T15:48:04.338+0000] {processor.py:179} INFO - Processing /opt/airflow/dags/data_processing_zeta.py took 0.090 seconds
[2025-05-27T15:48:34.625+0000] {processor.py:157} INFO - Started process (PID=8219) to work on /opt/airflow/dags/data_processing_zeta.py
[2025-05-27T15:48:34.626+0000] {processor.py:829} INFO - Processing file /opt/airflow/dags/data_processing_zeta.py for tasks to queue
[2025-05-27T15:48:34.627+0000] {logging_mixin.py:154} INFO - [2025-05-27T15:48:34.626+0000] {dagbag.py:536} INFO - Filling up the DagBag from /opt/airflow/dags/data_processing_zeta.py
[2025-05-27T15:48:34.637+0000] {processor.py:839} INFO - DAG(s) dict_keys(['data_processing_zeta']) retrieved from /opt/airflow/dags/data_processing_zeta.py
[2025-05-27T15:48:34.660+0000] {logging_mixin.py:154} INFO - [2025-05-27T15:48:34.660+0000] {dag.py:2941} INFO - Sync 1 DAGs
[2025-05-27T15:48:34.687+0000] {logging_mixin.py:154} INFO - [2025-05-27T15:48:34.687+0000] {dag.py:3722} INFO - Setting next_dagrun for data_processing_zeta to 2025-05-27T00:00:00+00:00, run_after=2025-05-28T00:00:00+00:00
[2025-05-27T15:48:34.705+0000] {processor.py:179} INFO - Processing /opt/airflow/dags/data_processing_zeta.py took 0.083 seconds
[2025-05-27T15:49:04.760+0000] {processor.py:157} INFO - Started process (PID=8461) to work on /opt/airflow/dags/data_processing_zeta.py
[2025-05-27T15:49:04.761+0000] {processor.py:829} INFO - Processing file /opt/airflow/dags/data_processing_zeta.py for tasks to queue
[2025-05-27T15:49:04.761+0000] {logging_mixin.py:154} INFO - [2025-05-27T15:49:04.761+0000] {dagbag.py:536} INFO - Filling up the DagBag from /opt/airflow/dags/data_processing_zeta.py
[2025-05-27T15:49:04.769+0000] {processor.py:839} INFO - DAG(s) dict_keys(['data_processing_zeta']) retrieved from /opt/airflow/dags/data_processing_zeta.py
[2025-05-27T15:49:04.789+0000] {logging_mixin.py:154} INFO - [2025-05-27T15:49:04.788+0000] {dag.py:2941} INFO - Sync 1 DAGs
[2025-05-27T15:49:04.815+0000] {logging_mixin.py:154} INFO - [2025-05-27T15:49:04.814+0000] {dag.py:3722} INFO - Setting next_dagrun for data_processing_zeta to 2025-05-27T00:00:00+00:00, run_after=2025-05-28T00:00:00+00:00
[2025-05-27T15:49:04.844+0000] {processor.py:179} INFO - Processing /opt/airflow/dags/data_processing_zeta.py took 0.087 seconds
[2025-05-27T15:49:34.885+0000] {processor.py:157} INFO - Started process (PID=8703) to work on /opt/airflow/dags/data_processing_zeta.py
[2025-05-27T15:49:34.886+0000] {processor.py:829} INFO - Processing file /opt/airflow/dags/data_processing_zeta.py for tasks to queue
[2025-05-27T15:49:34.886+0000] {logging_mixin.py:154} INFO - [2025-05-27T15:49:34.886+0000] {dagbag.py:536} INFO - Filling up the DagBag from /opt/airflow/dags/data_processing_zeta.py
[2025-05-27T15:49:34.894+0000] {processor.py:839} INFO - DAG(s) dict_keys(['data_processing_zeta']) retrieved from /opt/airflow/dags/data_processing_zeta.py
[2025-05-27T15:49:34.911+0000] {logging_mixin.py:154} INFO - [2025-05-27T15:49:34.911+0000] {dag.py:2941} INFO - Sync 1 DAGs
[2025-05-27T15:49:34.929+0000] {logging_mixin.py:154} INFO - [2025-05-27T15:49:34.929+0000] {dag.py:3722} INFO - Setting next_dagrun for data_processing_zeta to 2025-05-27T00:00:00+00:00, run_after=2025-05-28T00:00:00+00:00
[2025-05-27T15:49:34.942+0000] {processor.py:179} INFO - Processing /opt/airflow/dags/data_processing_zeta.py took 0.060 seconds
[2025-05-27T15:50:05.007+0000] {processor.py:157} INFO - Started process (PID=8945) to work on /opt/airflow/dags/data_processing_zeta.py
[2025-05-27T15:50:05.008+0000] {processor.py:829} INFO - Processing file /opt/airflow/dags/data_processing_zeta.py for tasks to queue
[2025-05-27T15:50:05.009+0000] {logging_mixin.py:154} INFO - [2025-05-27T15:50:05.009+0000] {dagbag.py:536} INFO - Filling up the DagBag from /opt/airflow/dags/data_processing_zeta.py
[2025-05-27T15:50:05.017+0000] {processor.py:839} INFO - DAG(s) dict_keys(['data_processing_zeta']) retrieved from /opt/airflow/dags/data_processing_zeta.py
[2025-05-27T15:50:05.033+0000] {logging_mixin.py:154} INFO - [2025-05-27T15:50:05.033+0000] {dag.py:2941} INFO - Sync 1 DAGs
[2025-05-27T15:50:05.051+0000] {logging_mixin.py:154} INFO - [2025-05-27T15:50:05.051+0000] {dag.py:3722} INFO - Setting next_dagrun for data_processing_zeta to 2025-05-27T00:00:00+00:00, run_after=2025-05-28T00:00:00+00:00
[2025-05-27T15:50:05.067+0000] {processor.py:179} INFO - Processing /opt/airflow/dags/data_processing_zeta.py took 0.063 seconds
[2025-05-27T15:50:35.327+0000] {processor.py:157} INFO - Started process (PID=9187) to work on /opt/airflow/dags/data_processing_zeta.py
[2025-05-27T15:50:35.328+0000] {processor.py:829} INFO - Processing file /opt/airflow/dags/data_processing_zeta.py for tasks to queue
[2025-05-27T15:50:35.328+0000] {logging_mixin.py:154} INFO - [2025-05-27T15:50:35.328+0000] {dagbag.py:536} INFO - Filling up the DagBag from /opt/airflow/dags/data_processing_zeta.py
[2025-05-27T15:50:35.339+0000] {processor.py:839} INFO - DAG(s) dict_keys(['data_processing_zeta']) retrieved from /opt/airflow/dags/data_processing_zeta.py
[2025-05-27T15:50:35.362+0000] {logging_mixin.py:154} INFO - [2025-05-27T15:50:35.362+0000] {dag.py:2941} INFO - Sync 1 DAGs
[2025-05-27T15:50:35.390+0000] {logging_mixin.py:154} INFO - [2025-05-27T15:50:35.390+0000] {dag.py:3722} INFO - Setting next_dagrun for data_processing_zeta to 2025-05-27T00:00:00+00:00, run_after=2025-05-28T00:00:00+00:00
[2025-05-27T15:50:35.406+0000] {processor.py:179} INFO - Processing /opt/airflow/dags/data_processing_zeta.py took 0.083 seconds
[2025-05-27T15:51:05.557+0000] {processor.py:157} INFO - Started process (PID=9429) to work on /opt/airflow/dags/data_processing_zeta.py
[2025-05-27T15:51:05.558+0000] {processor.py:829} INFO - Processing file /opt/airflow/dags/data_processing_zeta.py for tasks to queue
[2025-05-27T15:51:05.559+0000] {logging_mixin.py:154} INFO - [2025-05-27T15:51:05.559+0000] {dagbag.py:536} INFO - Filling up the DagBag from /opt/airflow/dags/data_processing_zeta.py
[2025-05-27T15:51:05.571+0000] {processor.py:839} INFO - DAG(s) dict_keys(['data_processing_zeta']) retrieved from /opt/airflow/dags/data_processing_zeta.py
[2025-05-27T15:51:05.593+0000] {logging_mixin.py:154} INFO - [2025-05-27T15:51:05.593+0000] {dag.py:2941} INFO - Sync 1 DAGs
[2025-05-27T15:51:05.620+0000] {logging_mixin.py:154} INFO - [2025-05-27T15:51:05.620+0000] {dag.py:3722} INFO - Setting next_dagrun for data_processing_zeta to 2025-05-27T00:00:00+00:00, run_after=2025-05-28T00:00:00+00:00
[2025-05-27T15:51:05.638+0000] {processor.py:179} INFO - Processing /opt/airflow/dags/data_processing_zeta.py took 0.084 seconds
[2025-05-27T15:51:35.751+0000] {processor.py:157} INFO - Started process (PID=9671) to work on /opt/airflow/dags/data_processing_zeta.py
[2025-05-27T15:51:35.751+0000] {processor.py:829} INFO - Processing file /opt/airflow/dags/data_processing_zeta.py for tasks to queue
[2025-05-27T15:51:35.752+0000] {logging_mixin.py:154} INFO - [2025-05-27T15:51:35.752+0000] {dagbag.py:536} INFO - Filling up the DagBag from /opt/airflow/dags/data_processing_zeta.py
[2025-05-27T15:51:35.764+0000] {processor.py:839} INFO - DAG(s) dict_keys(['data_processing_zeta']) retrieved from /opt/airflow/dags/data_processing_zeta.py
[2025-05-27T15:51:35.787+0000] {logging_mixin.py:154} INFO - [2025-05-27T15:51:35.786+0000] {dag.py:2941} INFO - Sync 1 DAGs
[2025-05-27T15:51:35.814+0000] {logging_mixin.py:154} INFO - [2025-05-27T15:51:35.814+0000] {dag.py:3722} INFO - Setting next_dagrun for data_processing_zeta to 2025-05-27T00:00:00+00:00, run_after=2025-05-28T00:00:00+00:00
[2025-05-27T15:51:35.832+0000] {processor.py:179} INFO - Processing /opt/airflow/dags/data_processing_zeta.py took 0.084 seconds
[2025-05-27T15:52:05.900+0000] {processor.py:157} INFO - Started process (PID=9913) to work on /opt/airflow/dags/data_processing_zeta.py
[2025-05-27T15:52:05.900+0000] {processor.py:829} INFO - Processing file /opt/airflow/dags/data_processing_zeta.py for tasks to queue
[2025-05-27T15:52:05.901+0000] {logging_mixin.py:154} INFO - [2025-05-27T15:52:05.901+0000] {dagbag.py:536} INFO - Filling up the DagBag from /opt/airflow/dags/data_processing_zeta.py
[2025-05-27T15:52:05.912+0000] {processor.py:839} INFO - DAG(s) dict_keys(['data_processing_zeta']) retrieved from /opt/airflow/dags/data_processing_zeta.py
[2025-05-27T15:52:05.934+0000] {logging_mixin.py:154} INFO - [2025-05-27T15:52:05.933+0000] {dag.py:2941} INFO - Sync 1 DAGs
[2025-05-27T15:52:05.960+0000] {logging_mixin.py:154} INFO - [2025-05-27T15:52:05.960+0000] {dag.py:3722} INFO - Setting next_dagrun for data_processing_zeta to 2025-05-27T00:00:00+00:00, run_after=2025-05-28T00:00:00+00:00
[2025-05-27T15:52:05.976+0000] {processor.py:179} INFO - Processing /opt/airflow/dags/data_processing_zeta.py took 0.080 seconds
[2025-05-27T15:52:36.224+0000] {processor.py:157} INFO - Started process (PID=10155) to work on /opt/airflow/dags/data_processing_zeta.py
[2025-05-27T15:52:36.224+0000] {processor.py:829} INFO - Processing file /opt/airflow/dags/data_processing_zeta.py for tasks to queue
[2025-05-27T15:52:36.225+0000] {logging_mixin.py:154} INFO - [2025-05-27T15:52:36.225+0000] {dagbag.py:536} INFO - Filling up the DagBag from /opt/airflow/dags/data_processing_zeta.py
[2025-05-27T15:52:36.236+0000] {processor.py:839} INFO - DAG(s) dict_keys(['data_processing_zeta']) retrieved from /opt/airflow/dags/data_processing_zeta.py
[2025-05-27T15:52:36.261+0000] {logging_mixin.py:154} INFO - [2025-05-27T15:52:36.260+0000] {dag.py:2941} INFO - Sync 1 DAGs
[2025-05-27T15:52:36.287+0000] {logging_mixin.py:154} INFO - [2025-05-27T15:52:36.287+0000] {dag.py:3722} INFO - Setting next_dagrun for data_processing_zeta to 2025-05-27T00:00:00+00:00, run_after=2025-05-28T00:00:00+00:00
[2025-05-27T15:52:36.304+0000] {processor.py:179} INFO - Processing /opt/airflow/dags/data_processing_zeta.py took 0.084 seconds
[2025-05-27T15:53:06.454+0000] {processor.py:157} INFO - Started process (PID=10397) to work on /opt/airflow/dags/data_processing_zeta.py
[2025-05-27T15:53:06.456+0000] {processor.py:829} INFO - Processing file /opt/airflow/dags/data_processing_zeta.py for tasks to queue
[2025-05-27T15:53:06.457+0000] {logging_mixin.py:154} INFO - [2025-05-27T15:53:06.457+0000] {dagbag.py:536} INFO - Filling up the DagBag from /opt/airflow/dags/data_processing_zeta.py
[2025-05-27T15:53:06.470+0000] {processor.py:839} INFO - DAG(s) dict_keys(['data_processing_zeta']) retrieved from /opt/airflow/dags/data_processing_zeta.py
[2025-05-27T15:53:06.495+0000] {logging_mixin.py:154} INFO - [2025-05-27T15:53:06.495+0000] {dag.py:2941} INFO - Sync 1 DAGs
[2025-05-27T15:53:06.521+0000] {logging_mixin.py:154} INFO - [2025-05-27T15:53:06.521+0000] {dag.py:3722} INFO - Setting next_dagrun for data_processing_zeta to 2025-05-27T00:00:00+00:00, run_after=2025-05-28T00:00:00+00:00
[2025-05-27T15:53:06.538+0000] {processor.py:179} INFO - Processing /opt/airflow/dags/data_processing_zeta.py took 0.087 seconds
[2025-05-27T15:53:36.747+0000] {processor.py:157} INFO - Started process (PID=10639) to work on /opt/airflow/dags/data_processing_zeta.py
[2025-05-27T15:53:36.748+0000] {processor.py:829} INFO - Processing file /opt/airflow/dags/data_processing_zeta.py for tasks to queue
[2025-05-27T15:53:36.749+0000] {logging_mixin.py:154} INFO - [2025-05-27T15:53:36.748+0000] {dagbag.py:536} INFO - Filling up the DagBag from /opt/airflow/dags/data_processing_zeta.py
[2025-05-27T15:53:36.759+0000] {processor.py:839} INFO - DAG(s) dict_keys(['data_processing_zeta']) retrieved from /opt/airflow/dags/data_processing_zeta.py
[2025-05-27T15:53:36.782+0000] {logging_mixin.py:154} INFO - [2025-05-27T15:53:36.782+0000] {dag.py:2941} INFO - Sync 1 DAGs
[2025-05-27T15:53:36.808+0000] {logging_mixin.py:154} INFO - [2025-05-27T15:53:36.808+0000] {dag.py:3722} INFO - Setting next_dagrun for data_processing_zeta to 2025-05-27T00:00:00+00:00, run_after=2025-05-28T00:00:00+00:00
[2025-05-27T15:53:36.828+0000] {processor.py:179} INFO - Processing /opt/airflow/dags/data_processing_zeta.py took 0.084 seconds
[2025-05-27T15:54:06.938+0000] {processor.py:157} INFO - Started process (PID=10881) to work on /opt/airflow/dags/data_processing_zeta.py
[2025-05-27T15:54:06.939+0000] {processor.py:829} INFO - Processing file /opt/airflow/dags/data_processing_zeta.py for tasks to queue
[2025-05-27T15:54:06.940+0000] {logging_mixin.py:154} INFO - [2025-05-27T15:54:06.940+0000] {dagbag.py:536} INFO - Filling up the DagBag from /opt/airflow/dags/data_processing_zeta.py
[2025-05-27T15:54:06.950+0000] {processor.py:839} INFO - DAG(s) dict_keys(['data_processing_zeta']) retrieved from /opt/airflow/dags/data_processing_zeta.py
[2025-05-27T15:54:06.976+0000] {logging_mixin.py:154} INFO - [2025-05-27T15:54:06.975+0000] {dag.py:2941} INFO - Sync 1 DAGs
[2025-05-27T15:54:07.005+0000] {logging_mixin.py:154} INFO - [2025-05-27T15:54:07.004+0000] {dag.py:3722} INFO - Setting next_dagrun for data_processing_zeta to 2025-05-27T00:00:00+00:00, run_after=2025-05-28T00:00:00+00:00
[2025-05-27T15:54:07.022+0000] {processor.py:179} INFO - Processing /opt/airflow/dags/data_processing_zeta.py took 0.087 seconds
[2025-05-27T15:54:37.144+0000] {processor.py:157} INFO - Started process (PID=11123) to work on /opt/airflow/dags/data_processing_zeta.py
[2025-05-27T15:54:37.145+0000] {processor.py:829} INFO - Processing file /opt/airflow/dags/data_processing_zeta.py for tasks to queue
[2025-05-27T15:54:37.151+0000] {logging_mixin.py:154} INFO - [2025-05-27T15:54:37.151+0000] {dagbag.py:536} INFO - Filling up the DagBag from /opt/airflow/dags/data_processing_zeta.py
[2025-05-27T15:54:37.170+0000] {processor.py:839} INFO - DAG(s) dict_keys(['data_processing_zeta']) retrieved from /opt/airflow/dags/data_processing_zeta.py
[2025-05-27T15:54:37.210+0000] {logging_mixin.py:154} INFO - [2025-05-27T15:54:37.209+0000] {dag.py:2941} INFO - Sync 1 DAGs
[2025-05-27T15:54:37.245+0000] {logging_mixin.py:154} INFO - [2025-05-27T15:54:37.245+0000] {dag.py:3722} INFO - Setting next_dagrun for data_processing_zeta to 2025-05-27T00:00:00+00:00, run_after=2025-05-28T00:00:00+00:00
[2025-05-27T15:54:37.268+0000] {processor.py:179} INFO - Processing /opt/airflow/dags/data_processing_zeta.py took 0.128 seconds
[2025-05-27T15:55:07.406+0000] {processor.py:157} INFO - Started process (PID=11363) to work on /opt/airflow/dags/data_processing_zeta.py
[2025-05-27T15:55:07.407+0000] {processor.py:829} INFO - Processing file /opt/airflow/dags/data_processing_zeta.py for tasks to queue
[2025-05-27T15:55:07.407+0000] {logging_mixin.py:154} INFO - [2025-05-27T15:55:07.407+0000] {dagbag.py:536} INFO - Filling up the DagBag from /opt/airflow/dags/data_processing_zeta.py
[2025-05-27T15:55:07.418+0000] {processor.py:839} INFO - DAG(s) dict_keys(['data_processing_zeta']) retrieved from /opt/airflow/dags/data_processing_zeta.py
[2025-05-27T15:55:07.441+0000] {logging_mixin.py:154} INFO - [2025-05-27T15:55:07.441+0000] {dag.py:2941} INFO - Sync 1 DAGs
[2025-05-27T15:55:07.465+0000] {logging_mixin.py:154} INFO - [2025-05-27T15:55:07.465+0000] {dag.py:3722} INFO - Setting next_dagrun for data_processing_zeta to 2025-05-27T00:00:00+00:00, run_after=2025-05-28T00:00:00+00:00
[2025-05-27T15:55:07.481+0000] {processor.py:179} INFO - Processing /opt/airflow/dags/data_processing_zeta.py took 0.079 seconds
[2025-05-27T15:55:38.001+0000] {processor.py:157} INFO - Started process (PID=11598) to work on /opt/airflow/dags/data_processing_zeta.py
[2025-05-27T15:55:38.001+0000] {processor.py:829} INFO - Processing file /opt/airflow/dags/data_processing_zeta.py for tasks to queue
[2025-05-27T15:55:38.002+0000] {logging_mixin.py:154} INFO - [2025-05-27T15:55:38.002+0000] {dagbag.py:536} INFO - Filling up the DagBag from /opt/airflow/dags/data_processing_zeta.py
[2025-05-27T15:55:38.012+0000] {processor.py:839} INFO - DAG(s) dict_keys(['data_processing_zeta']) retrieved from /opt/airflow/dags/data_processing_zeta.py
[2025-05-27T15:55:38.035+0000] {logging_mixin.py:154} INFO - [2025-05-27T15:55:38.035+0000] {dag.py:2941} INFO - Sync 1 DAGs
[2025-05-27T15:55:38.060+0000] {logging_mixin.py:154} INFO - [2025-05-27T15:55:38.060+0000] {dag.py:3722} INFO - Setting next_dagrun for data_processing_zeta to 2025-05-27T00:00:00+00:00, run_after=2025-05-28T00:00:00+00:00
[2025-05-27T15:55:38.089+0000] {processor.py:179} INFO - Processing /opt/airflow/dags/data_processing_zeta.py took 0.091 seconds
[2025-05-27T15:56:08.239+0000] {processor.py:157} INFO - Started process (PID=11837) to work on /opt/airflow/dags/data_processing_zeta.py
[2025-05-27T15:56:08.239+0000] {processor.py:829} INFO - Processing file /opt/airflow/dags/data_processing_zeta.py for tasks to queue
[2025-05-27T15:56:08.240+0000] {logging_mixin.py:154} INFO - [2025-05-27T15:56:08.240+0000] {dagbag.py:536} INFO - Filling up the DagBag from /opt/airflow/dags/data_processing_zeta.py
[2025-05-27T15:56:08.247+0000] {processor.py:839} INFO - DAG(s) dict_keys(['data_processing_zeta']) retrieved from /opt/airflow/dags/data_processing_zeta.py
[2025-05-27T15:56:08.263+0000] {logging_mixin.py:154} INFO - [2025-05-27T15:56:08.263+0000] {dag.py:2941} INFO - Sync 1 DAGs
[2025-05-27T15:56:08.282+0000] {logging_mixin.py:154} INFO - [2025-05-27T15:56:08.282+0000] {dag.py:3722} INFO - Setting next_dagrun for data_processing_zeta to 2025-05-27T00:00:00+00:00, run_after=2025-05-28T00:00:00+00:00
[2025-05-27T15:56:08.294+0000] {processor.py:179} INFO - Processing /opt/airflow/dags/data_processing_zeta.py took 0.059 seconds
[2025-05-27T15:56:38.532+0000] {processor.py:157} INFO - Started process (PID=12079) to work on /opt/airflow/dags/data_processing_zeta.py
[2025-05-27T15:56:38.533+0000] {processor.py:829} INFO - Processing file /opt/airflow/dags/data_processing_zeta.py for tasks to queue
[2025-05-27T15:56:38.534+0000] {logging_mixin.py:154} INFO - [2025-05-27T15:56:38.534+0000] {dagbag.py:536} INFO - Filling up the DagBag from /opt/airflow/dags/data_processing_zeta.py
[2025-05-27T15:56:38.547+0000] {processor.py:839} INFO - DAG(s) dict_keys(['data_processing_zeta']) retrieved from /opt/airflow/dags/data_processing_zeta.py
[2025-05-27T15:56:38.614+0000] {logging_mixin.py:154} INFO - [2025-05-27T15:56:38.614+0000] {dag.py:2941} INFO - Sync 1 DAGs
[2025-05-27T15:56:38.644+0000] {logging_mixin.py:154} INFO - [2025-05-27T15:56:38.643+0000] {dag.py:3722} INFO - Setting next_dagrun for data_processing_zeta to 2025-05-27T00:00:00+00:00, run_after=2025-05-28T00:00:00+00:00
[2025-05-27T15:56:38.663+0000] {processor.py:179} INFO - Processing /opt/airflow/dags/data_processing_zeta.py took 0.135 seconds
[2025-05-27T15:57:08.860+0000] {processor.py:157} INFO - Started process (PID=12321) to work on /opt/airflow/dags/data_processing_zeta.py
[2025-05-27T15:57:08.860+0000] {processor.py:829} INFO - Processing file /opt/airflow/dags/data_processing_zeta.py for tasks to queue
[2025-05-27T15:57:08.861+0000] {logging_mixin.py:154} INFO - [2025-05-27T15:57:08.861+0000] {dagbag.py:536} INFO - Filling up the DagBag from /opt/airflow/dags/data_processing_zeta.py
[2025-05-27T15:57:08.873+0000] {processor.py:839} INFO - DAG(s) dict_keys(['data_processing_zeta']) retrieved from /opt/airflow/dags/data_processing_zeta.py
[2025-05-27T15:57:08.901+0000] {logging_mixin.py:154} INFO - [2025-05-27T15:57:08.901+0000] {dag.py:2941} INFO - Sync 1 DAGs
[2025-05-27T15:57:08.931+0000] {logging_mixin.py:154} INFO - [2025-05-27T15:57:08.931+0000] {dag.py:3722} INFO - Setting next_dagrun for data_processing_zeta to 2025-05-27T00:00:00+00:00, run_after=2025-05-28T00:00:00+00:00
[2025-05-27T15:57:08.947+0000] {processor.py:179} INFO - Processing /opt/airflow/dags/data_processing_zeta.py took 0.091 seconds
[2025-05-27T15:57:39.181+0000] {processor.py:157} INFO - Started process (PID=12563) to work on /opt/airflow/dags/data_processing_zeta.py
[2025-05-27T15:57:39.184+0000] {processor.py:829} INFO - Processing file /opt/airflow/dags/data_processing_zeta.py for tasks to queue
[2025-05-27T15:57:39.185+0000] {logging_mixin.py:154} INFO - [2025-05-27T15:57:39.184+0000] {dagbag.py:536} INFO - Filling up the DagBag from /opt/airflow/dags/data_processing_zeta.py
[2025-05-27T15:57:39.196+0000] {processor.py:839} INFO - DAG(s) dict_keys(['data_processing_zeta']) retrieved from /opt/airflow/dags/data_processing_zeta.py
[2025-05-27T15:57:39.220+0000] {logging_mixin.py:154} INFO - [2025-05-27T15:57:39.220+0000] {dag.py:2941} INFO - Sync 1 DAGs
[2025-05-27T15:57:39.247+0000] {logging_mixin.py:154} INFO - [2025-05-27T15:57:39.247+0000] {dag.py:3722} INFO - Setting next_dagrun for data_processing_zeta to 2025-05-27T00:00:00+00:00, run_after=2025-05-28T00:00:00+00:00
[2025-05-27T15:57:39.264+0000] {processor.py:179} INFO - Processing /opt/airflow/dags/data_processing_zeta.py took 0.086 seconds
[2025-05-27T15:58:09.445+0000] {processor.py:157} INFO - Started process (PID=12805) to work on /opt/airflow/dags/data_processing_zeta.py
[2025-05-27T15:58:09.446+0000] {processor.py:829} INFO - Processing file /opt/airflow/dags/data_processing_zeta.py for tasks to queue
[2025-05-27T15:58:09.447+0000] {logging_mixin.py:154} INFO - [2025-05-27T15:58:09.447+0000] {dagbag.py:536} INFO - Filling up the DagBag from /opt/airflow/dags/data_processing_zeta.py
[2025-05-27T15:58:09.458+0000] {processor.py:839} INFO - DAG(s) dict_keys(['data_processing_zeta']) retrieved from /opt/airflow/dags/data_processing_zeta.py
[2025-05-27T15:58:09.481+0000] {logging_mixin.py:154} INFO - [2025-05-27T15:58:09.480+0000] {dag.py:2941} INFO - Sync 1 DAGs
[2025-05-27T15:58:09.508+0000] {logging_mixin.py:154} INFO - [2025-05-27T15:58:09.508+0000] {dag.py:3722} INFO - Setting next_dagrun for data_processing_zeta to 2025-05-27T00:00:00+00:00, run_after=2025-05-28T00:00:00+00:00
[2025-05-27T15:58:09.525+0000] {processor.py:179} INFO - Processing /opt/airflow/dags/data_processing_zeta.py took 0.083 seconds
[2025-05-27T15:58:39.762+0000] {processor.py:157} INFO - Started process (PID=13047) to work on /opt/airflow/dags/data_processing_zeta.py
[2025-05-27T15:58:39.763+0000] {processor.py:829} INFO - Processing file /opt/airflow/dags/data_processing_zeta.py for tasks to queue
[2025-05-27T15:58:39.764+0000] {logging_mixin.py:154} INFO - [2025-05-27T15:58:39.764+0000] {dagbag.py:536} INFO - Filling up the DagBag from /opt/airflow/dags/data_processing_zeta.py
[2025-05-27T15:58:39.776+0000] {processor.py:839} INFO - DAG(s) dict_keys(['data_processing_zeta']) retrieved from /opt/airflow/dags/data_processing_zeta.py
[2025-05-27T15:58:39.800+0000] {logging_mixin.py:154} INFO - [2025-05-27T15:58:39.799+0000] {dag.py:2941} INFO - Sync 1 DAGs
[2025-05-27T15:58:39.840+0000] {logging_mixin.py:154} INFO - [2025-05-27T15:58:39.840+0000] {dag.py:3722} INFO - Setting next_dagrun for data_processing_zeta to 2025-05-27T00:00:00+00:00, run_after=2025-05-28T00:00:00+00:00
[2025-05-27T15:58:39.861+0000] {processor.py:179} INFO - Processing /opt/airflow/dags/data_processing_zeta.py took 0.102 seconds
[2025-05-27T15:59:10.074+0000] {processor.py:157} INFO - Started process (PID=13289) to work on /opt/airflow/dags/data_processing_zeta.py
[2025-05-27T15:59:10.075+0000] {processor.py:829} INFO - Processing file /opt/airflow/dags/data_processing_zeta.py for tasks to queue
[2025-05-27T15:59:10.076+0000] {logging_mixin.py:154} INFO - [2025-05-27T15:59:10.075+0000] {dagbag.py:536} INFO - Filling up the DagBag from /opt/airflow/dags/data_processing_zeta.py
[2025-05-27T15:59:10.087+0000] {processor.py:839} INFO - DAG(s) dict_keys(['data_processing_zeta']) retrieved from /opt/airflow/dags/data_processing_zeta.py
[2025-05-27T15:59:10.110+0000] {logging_mixin.py:154} INFO - [2025-05-27T15:59:10.110+0000] {dag.py:2941} INFO - Sync 1 DAGs
[2025-05-27T15:59:10.138+0000] {logging_mixin.py:154} INFO - [2025-05-27T15:59:10.137+0000] {dag.py:3722} INFO - Setting next_dagrun for data_processing_zeta to 2025-05-27T00:00:00+00:00, run_after=2025-05-28T00:00:00+00:00
[2025-05-27T15:59:10.155+0000] {processor.py:179} INFO - Processing /opt/airflow/dags/data_processing_zeta.py took 0.085 seconds
[2025-05-27T15:59:40.223+0000] {processor.py:157} INFO - Started process (PID=13531) to work on /opt/airflow/dags/data_processing_zeta.py
[2025-05-27T15:59:40.224+0000] {processor.py:829} INFO - Processing file /opt/airflow/dags/data_processing_zeta.py for tasks to queue
[2025-05-27T15:59:40.224+0000] {logging_mixin.py:154} INFO - [2025-05-27T15:59:40.224+0000] {dagbag.py:536} INFO - Filling up the DagBag from /opt/airflow/dags/data_processing_zeta.py
[2025-05-27T15:59:40.232+0000] {processor.py:839} INFO - DAG(s) dict_keys(['data_processing_zeta']) retrieved from /opt/airflow/dags/data_processing_zeta.py
[2025-05-27T15:59:40.247+0000] {logging_mixin.py:154} INFO - [2025-05-27T15:59:40.247+0000] {dag.py:2941} INFO - Sync 1 DAGs
[2025-05-27T15:59:40.265+0000] {logging_mixin.py:154} INFO - [2025-05-27T15:59:40.265+0000] {dag.py:3722} INFO - Setting next_dagrun for data_processing_zeta to 2025-05-27T00:00:00+00:00, run_after=2025-05-28T00:00:00+00:00
[2025-05-27T15:59:40.278+0000] {processor.py:179} INFO - Processing /opt/airflow/dags/data_processing_zeta.py took 0.058 seconds
[2025-05-27T16:00:10.585+0000] {processor.py:157} INFO - Started process (PID=13773) to work on /opt/airflow/dags/data_processing_zeta.py
[2025-05-27T16:00:10.586+0000] {processor.py:829} INFO - Processing file /opt/airflow/dags/data_processing_zeta.py for tasks to queue
[2025-05-27T16:00:10.586+0000] {logging_mixin.py:154} INFO - [2025-05-27T16:00:10.586+0000] {dagbag.py:536} INFO - Filling up the DagBag from /opt/airflow/dags/data_processing_zeta.py
[2025-05-27T16:00:10.597+0000] {processor.py:839} INFO - DAG(s) dict_keys(['data_processing_zeta']) retrieved from /opt/airflow/dags/data_processing_zeta.py
[2025-05-27T16:00:10.620+0000] {logging_mixin.py:154} INFO - [2025-05-27T16:00:10.620+0000] {dag.py:2941} INFO - Sync 1 DAGs
[2025-05-27T16:00:10.655+0000] {logging_mixin.py:154} INFO - [2025-05-27T16:00:10.655+0000] {dag.py:3722} INFO - Setting next_dagrun for data_processing_zeta to 2025-05-27T00:00:00+00:00, run_after=2025-05-28T00:00:00+00:00
[2025-05-27T16:00:10.692+0000] {processor.py:179} INFO - Processing /opt/airflow/dags/data_processing_zeta.py took 0.110 seconds
[2025-05-27T16:00:40.860+0000] {processor.py:157} INFO - Started process (PID=14015) to work on /opt/airflow/dags/data_processing_zeta.py
[2025-05-27T16:00:40.861+0000] {processor.py:829} INFO - Processing file /opt/airflow/dags/data_processing_zeta.py for tasks to queue
[2025-05-27T16:00:40.862+0000] {logging_mixin.py:154} INFO - [2025-05-27T16:00:40.862+0000] {dagbag.py:536} INFO - Filling up the DagBag from /opt/airflow/dags/data_processing_zeta.py
[2025-05-27T16:00:40.877+0000] {processor.py:839} INFO - DAG(s) dict_keys(['data_processing_zeta']) retrieved from /opt/airflow/dags/data_processing_zeta.py
[2025-05-27T16:00:40.903+0000] {logging_mixin.py:154} INFO - [2025-05-27T16:00:40.903+0000] {dag.py:2941} INFO - Sync 1 DAGs
[2025-05-27T16:00:40.954+0000] {logging_mixin.py:154} INFO - [2025-05-27T16:00:40.953+0000] {dag.py:3722} INFO - Setting next_dagrun for data_processing_zeta to 2025-05-27T00:00:00+00:00, run_after=2025-05-28T00:00:00+00:00
[2025-05-27T16:00:40.998+0000] {processor.py:179} INFO - Processing /opt/airflow/dags/data_processing_zeta.py took 0.147 seconds
[2025-05-27T16:01:11.113+0000] {processor.py:157} INFO - Started process (PID=14257) to work on /opt/airflow/dags/data_processing_zeta.py
[2025-05-27T16:01:11.115+0000] {processor.py:829} INFO - Processing file /opt/airflow/dags/data_processing_zeta.py for tasks to queue
[2025-05-27T16:01:11.116+0000] {logging_mixin.py:154} INFO - [2025-05-27T16:01:11.116+0000] {dagbag.py:536} INFO - Filling up the DagBag from /opt/airflow/dags/data_processing_zeta.py
[2025-05-27T16:01:11.129+0000] {processor.py:839} INFO - DAG(s) dict_keys(['data_processing_zeta']) retrieved from /opt/airflow/dags/data_processing_zeta.py
[2025-05-27T16:01:11.153+0000] {logging_mixin.py:154} INFO - [2025-05-27T16:01:11.153+0000] {dag.py:2941} INFO - Sync 1 DAGs
[2025-05-27T16:01:11.181+0000] {logging_mixin.py:154} INFO - [2025-05-27T16:01:11.181+0000] {dag.py:3722} INFO - Setting next_dagrun for data_processing_zeta to 2025-05-27T00:00:00+00:00, run_after=2025-05-28T00:00:00+00:00
[2025-05-27T16:01:11.213+0000] {processor.py:179} INFO - Processing /opt/airflow/dags/data_processing_zeta.py took 0.104 seconds
[2025-05-27T16:01:41.458+0000] {processor.py:157} INFO - Started process (PID=14499) to work on /opt/airflow/dags/data_processing_zeta.py
[2025-05-27T16:01:41.461+0000] {processor.py:829} INFO - Processing file /opt/airflow/dags/data_processing_zeta.py for tasks to queue
[2025-05-27T16:01:41.462+0000] {logging_mixin.py:154} INFO - [2025-05-27T16:01:41.461+0000] {dagbag.py:536} INFO - Filling up the DagBag from /opt/airflow/dags/data_processing_zeta.py
[2025-05-27T16:01:41.485+0000] {processor.py:839} INFO - DAG(s) dict_keys(['data_processing_zeta']) retrieved from /opt/airflow/dags/data_processing_zeta.py
[2025-05-27T16:01:41.517+0000] {logging_mixin.py:154} INFO - [2025-05-27T16:01:41.517+0000] {dag.py:2941} INFO - Sync 1 DAGs
[2025-05-27T16:01:41.562+0000] {logging_mixin.py:154} INFO - [2025-05-27T16:01:41.562+0000] {dag.py:3722} INFO - Setting next_dagrun for data_processing_zeta to 2025-05-27T00:00:00+00:00, run_after=2025-05-28T00:00:00+00:00
[2025-05-27T16:01:41.586+0000] {processor.py:179} INFO - Processing /opt/airflow/dags/data_processing_zeta.py took 0.140 seconds
[2025-05-27T16:02:12.356+0000] {processor.py:157} INFO - Started process (PID=14741) to work on /opt/airflow/dags/data_processing_zeta.py
[2025-05-27T16:02:12.357+0000] {processor.py:829} INFO - Processing file /opt/airflow/dags/data_processing_zeta.py for tasks to queue
[2025-05-27T16:02:12.358+0000] {logging_mixin.py:154} INFO - [2025-05-27T16:02:12.357+0000] {dagbag.py:536} INFO - Filling up the DagBag from /opt/airflow/dags/data_processing_zeta.py
[2025-05-27T16:02:12.368+0000] {processor.py:839} INFO - DAG(s) dict_keys(['data_processing_zeta']) retrieved from /opt/airflow/dags/data_processing_zeta.py
[2025-05-27T16:02:12.392+0000] {logging_mixin.py:154} INFO - [2025-05-27T16:02:12.391+0000] {dag.py:2941} INFO - Sync 1 DAGs
[2025-05-27T16:02:12.419+0000] {logging_mixin.py:154} INFO - [2025-05-27T16:02:12.419+0000] {dag.py:3722} INFO - Setting next_dagrun for data_processing_zeta to 2025-05-27T00:00:00+00:00, run_after=2025-05-28T00:00:00+00:00
[2025-05-27T16:02:12.436+0000] {processor.py:179} INFO - Processing /opt/airflow/dags/data_processing_zeta.py took 0.083 seconds
[2025-05-27T16:02:42.551+0000] {processor.py:157} INFO - Started process (PID=14983) to work on /opt/airflow/dags/data_processing_zeta.py
[2025-05-27T16:02:42.552+0000] {processor.py:829} INFO - Processing file /opt/airflow/dags/data_processing_zeta.py for tasks to queue
[2025-05-27T16:02:42.553+0000] {logging_mixin.py:154} INFO - [2025-05-27T16:02:42.552+0000] {dagbag.py:536} INFO - Filling up the DagBag from /opt/airflow/dags/data_processing_zeta.py
[2025-05-27T16:02:42.563+0000] {processor.py:839} INFO - DAG(s) dict_keys(['data_processing_zeta']) retrieved from /opt/airflow/dags/data_processing_zeta.py
[2025-05-27T16:02:42.589+0000] {logging_mixin.py:154} INFO - [2025-05-27T16:02:42.588+0000] {dag.py:2941} INFO - Sync 1 DAGs
[2025-05-27T16:02:42.616+0000] {logging_mixin.py:154} INFO - [2025-05-27T16:02:42.616+0000] {dag.py:3722} INFO - Setting next_dagrun for data_processing_zeta to 2025-05-27T00:00:00+00:00, run_after=2025-05-28T00:00:00+00:00
[2025-05-27T16:02:42.634+0000] {processor.py:179} INFO - Processing /opt/airflow/dags/data_processing_zeta.py took 0.087 seconds
[2025-05-27T16:03:12.896+0000] {processor.py:157} INFO - Started process (PID=15225) to work on /opt/airflow/dags/data_processing_zeta.py
[2025-05-27T16:03:12.896+0000] {processor.py:829} INFO - Processing file /opt/airflow/dags/data_processing_zeta.py for tasks to queue
[2025-05-27T16:03:12.897+0000] {logging_mixin.py:154} INFO - [2025-05-27T16:03:12.897+0000] {dagbag.py:536} INFO - Filling up the DagBag from /opt/airflow/dags/data_processing_zeta.py
[2025-05-27T16:03:12.908+0000] {processor.py:839} INFO - DAG(s) dict_keys(['data_processing_zeta']) retrieved from /opt/airflow/dags/data_processing_zeta.py
[2025-05-27T16:03:12.940+0000] {logging_mixin.py:154} INFO - [2025-05-27T16:03:12.940+0000] {dag.py:2941} INFO - Sync 1 DAGs
[2025-05-27T16:03:12.980+0000] {logging_mixin.py:154} INFO - [2025-05-27T16:03:12.978+0000] {dag.py:3722} INFO - Setting next_dagrun for data_processing_zeta to 2025-05-27T00:00:00+00:00, run_after=2025-05-28T00:00:00+00:00
[2025-05-27T16:03:13.022+0000] {processor.py:179} INFO - Processing /opt/airflow/dags/data_processing_zeta.py took 0.130 seconds
[2025-05-27T16:03:43.754+0000] {processor.py:157} INFO - Started process (PID=15467) to work on /opt/airflow/dags/data_processing_zeta.py
[2025-05-27T16:03:43.756+0000] {processor.py:829} INFO - Processing file /opt/airflow/dags/data_processing_zeta.py for tasks to queue
[2025-05-27T16:03:43.756+0000] {logging_mixin.py:154} INFO - [2025-05-27T16:03:43.756+0000] {dagbag.py:536} INFO - Filling up the DagBag from /opt/airflow/dags/data_processing_zeta.py
[2025-05-27T16:03:43.767+0000] {processor.py:839} INFO - DAG(s) dict_keys(['data_processing_zeta']) retrieved from /opt/airflow/dags/data_processing_zeta.py
[2025-05-27T16:03:43.789+0000] {logging_mixin.py:154} INFO - [2025-05-27T16:03:43.789+0000] {dag.py:2941} INFO - Sync 1 DAGs
[2025-05-27T16:03:43.815+0000] {logging_mixin.py:154} INFO - [2025-05-27T16:03:43.815+0000] {dag.py:3722} INFO - Setting next_dagrun for data_processing_zeta to 2025-05-27T00:00:00+00:00, run_after=2025-05-28T00:00:00+00:00
[2025-05-27T16:03:43.833+0000] {processor.py:179} INFO - Processing /opt/airflow/dags/data_processing_zeta.py took 0.083 seconds
[2025-05-27T16:04:14.430+0000] {processor.py:157} INFO - Started process (PID=15709) to work on /opt/airflow/dags/data_processing_zeta.py
[2025-05-27T16:04:14.431+0000] {processor.py:829} INFO - Processing file /opt/airflow/dags/data_processing_zeta.py for tasks to queue
[2025-05-27T16:04:14.432+0000] {logging_mixin.py:154} INFO - [2025-05-27T16:04:14.431+0000] {dagbag.py:536} INFO - Filling up the DagBag from /opt/airflow/dags/data_processing_zeta.py
[2025-05-27T16:04:14.442+0000] {processor.py:839} INFO - DAG(s) dict_keys(['data_processing_zeta']) retrieved from /opt/airflow/dags/data_processing_zeta.py
[2025-05-27T16:04:14.465+0000] {logging_mixin.py:154} INFO - [2025-05-27T16:04:14.465+0000] {dag.py:2941} INFO - Sync 1 DAGs
[2025-05-27T16:04:14.492+0000] {logging_mixin.py:154} INFO - [2025-05-27T16:04:14.491+0000] {dag.py:3722} INFO - Setting next_dagrun for data_processing_zeta to 2025-05-27T00:00:00+00:00, run_after=2025-05-28T00:00:00+00:00
[2025-05-27T16:04:14.510+0000] {processor.py:179} INFO - Processing /opt/airflow/dags/data_processing_zeta.py took 0.083 seconds
[2025-05-27T16:04:44.667+0000] {processor.py:157} INFO - Started process (PID=15951) to work on /opt/airflow/dags/data_processing_zeta.py
[2025-05-27T16:04:44.668+0000] {processor.py:829} INFO - Processing file /opt/airflow/dags/data_processing_zeta.py for tasks to queue
[2025-05-27T16:04:44.669+0000] {logging_mixin.py:154} INFO - [2025-05-27T16:04:44.669+0000] {dagbag.py:536} INFO - Filling up the DagBag from /opt/airflow/dags/data_processing_zeta.py
[2025-05-27T16:04:44.679+0000] {processor.py:839} INFO - DAG(s) dict_keys(['data_processing_zeta']) retrieved from /opt/airflow/dags/data_processing_zeta.py
[2025-05-27T16:04:44.705+0000] {logging_mixin.py:154} INFO - [2025-05-27T16:04:44.705+0000] {dag.py:2941} INFO - Sync 1 DAGs
[2025-05-27T16:04:44.741+0000] {logging_mixin.py:154} INFO - [2025-05-27T16:04:44.741+0000] {dag.py:3722} INFO - Setting next_dagrun for data_processing_zeta to 2025-05-27T00:00:00+00:00, run_after=2025-05-28T00:00:00+00:00
[2025-05-27T16:04:44.778+0000] {processor.py:179} INFO - Processing /opt/airflow/dags/data_processing_zeta.py took 0.114 seconds
[2025-05-27T16:05:15.118+0000] {processor.py:157} INFO - Started process (PID=16193) to work on /opt/airflow/dags/data_processing_zeta.py
[2025-05-27T16:05:15.119+0000] {processor.py:829} INFO - Processing file /opt/airflow/dags/data_processing_zeta.py for tasks to queue
[2025-05-27T16:05:15.119+0000] {logging_mixin.py:154} INFO - [2025-05-27T16:05:15.119+0000] {dagbag.py:536} INFO - Filling up the DagBag from /opt/airflow/dags/data_processing_zeta.py
[2025-05-27T16:05:15.130+0000] {processor.py:839} INFO - DAG(s) dict_keys(['data_processing_zeta']) retrieved from /opt/airflow/dags/data_processing_zeta.py
[2025-05-27T16:05:15.155+0000] {logging_mixin.py:154} INFO - [2025-05-27T16:05:15.154+0000] {dag.py:2941} INFO - Sync 1 DAGs
[2025-05-27T16:05:15.183+0000] {logging_mixin.py:154} INFO - [2025-05-27T16:05:15.182+0000] {dag.py:3722} INFO - Setting next_dagrun for data_processing_zeta to 2025-05-27T00:00:00+00:00, run_after=2025-05-28T00:00:00+00:00
[2025-05-27T16:05:15.205+0000] {processor.py:179} INFO - Processing /opt/airflow/dags/data_processing_zeta.py took 0.091 seconds
[2025-05-27T16:05:45.576+0000] {processor.py:157} INFO - Started process (PID=16435) to work on /opt/airflow/dags/data_processing_zeta.py
[2025-05-27T16:05:45.577+0000] {processor.py:829} INFO - Processing file /opt/airflow/dags/data_processing_zeta.py for tasks to queue
[2025-05-27T16:05:45.578+0000] {logging_mixin.py:154} INFO - [2025-05-27T16:05:45.578+0000] {dagbag.py:536} INFO - Filling up the DagBag from /opt/airflow/dags/data_processing_zeta.py
[2025-05-27T16:05:45.589+0000] {processor.py:839} INFO - DAG(s) dict_keys(['data_processing_zeta']) retrieved from /opt/airflow/dags/data_processing_zeta.py
[2025-05-27T16:05:45.613+0000] {logging_mixin.py:154} INFO - [2025-05-27T16:05:45.612+0000] {dag.py:2941} INFO - Sync 1 DAGs
[2025-05-27T16:05:45.641+0000] {logging_mixin.py:154} INFO - [2025-05-27T16:05:45.641+0000] {dag.py:3722} INFO - Setting next_dagrun for data_processing_zeta to 2025-05-27T00:00:00+00:00, run_after=2025-05-28T00:00:00+00:00
[2025-05-27T16:05:45.670+0000] {processor.py:179} INFO - Processing /opt/airflow/dags/data_processing_zeta.py took 0.097 seconds
[2025-05-27T16:06:16.499+0000] {processor.py:157} INFO - Started process (PID=16677) to work on /opt/airflow/dags/data_processing_zeta.py
[2025-05-27T16:06:16.500+0000] {processor.py:829} INFO - Processing file /opt/airflow/dags/data_processing_zeta.py for tasks to queue
[2025-05-27T16:06:16.501+0000] {logging_mixin.py:154} INFO - [2025-05-27T16:06:16.500+0000] {dagbag.py:536} INFO - Filling up the DagBag from /opt/airflow/dags/data_processing_zeta.py
[2025-05-27T16:06:16.511+0000] {processor.py:839} INFO - DAG(s) dict_keys(['data_processing_zeta']) retrieved from /opt/airflow/dags/data_processing_zeta.py
[2025-05-27T16:06:16.536+0000] {logging_mixin.py:154} INFO - [2025-05-27T16:06:16.536+0000] {dag.py:2941} INFO - Sync 1 DAGs
[2025-05-27T16:06:16.565+0000] {logging_mixin.py:154} INFO - [2025-05-27T16:06:16.565+0000] {dag.py:3722} INFO - Setting next_dagrun for data_processing_zeta to 2025-05-27T00:00:00+00:00, run_after=2025-05-28T00:00:00+00:00
[2025-05-27T16:06:16.582+0000] {processor.py:179} INFO - Processing /opt/airflow/dags/data_processing_zeta.py took 0.087 seconds
[2025-05-27T16:06:46.744+0000] {processor.py:157} INFO - Started process (PID=16919) to work on /opt/airflow/dags/data_processing_zeta.py
[2025-05-27T16:06:46.745+0000] {processor.py:829} INFO - Processing file /opt/airflow/dags/data_processing_zeta.py for tasks to queue
[2025-05-27T16:06:46.746+0000] {logging_mixin.py:154} INFO - [2025-05-27T16:06:46.745+0000] {dagbag.py:536} INFO - Filling up the DagBag from /opt/airflow/dags/data_processing_zeta.py
[2025-05-27T16:06:46.756+0000] {processor.py:839} INFO - DAG(s) dict_keys(['data_processing_zeta']) retrieved from /opt/airflow/dags/data_processing_zeta.py
[2025-05-27T16:06:46.780+0000] {logging_mixin.py:154} INFO - [2025-05-27T16:06:46.780+0000] {dag.py:2941} INFO - Sync 1 DAGs
[2025-05-27T16:06:46.808+0000] {logging_mixin.py:154} INFO - [2025-05-27T16:06:46.808+0000] {dag.py:3722} INFO - Setting next_dagrun for data_processing_zeta to 2025-05-27T00:00:00+00:00, run_after=2025-05-28T00:00:00+00:00
[2025-05-27T16:06:46.825+0000] {processor.py:179} INFO - Processing /opt/airflow/dags/data_processing_zeta.py took 0.085 seconds
[2025-05-27T16:07:17.020+0000] {processor.py:157} INFO - Started process (PID=17161) to work on /opt/airflow/dags/data_processing_zeta.py
[2025-05-27T16:07:17.021+0000] {processor.py:829} INFO - Processing file /opt/airflow/dags/data_processing_zeta.py for tasks to queue
[2025-05-27T16:07:17.022+0000] {logging_mixin.py:154} INFO - [2025-05-27T16:07:17.021+0000] {dagbag.py:536} INFO - Filling up the DagBag from /opt/airflow/dags/data_processing_zeta.py
[2025-05-27T16:07:17.032+0000] {processor.py:839} INFO - DAG(s) dict_keys(['data_processing_zeta']) retrieved from /opt/airflow/dags/data_processing_zeta.py
[2025-05-27T16:07:17.056+0000] {logging_mixin.py:154} INFO - [2025-05-27T16:07:17.056+0000] {dag.py:2941} INFO - Sync 1 DAGs
[2025-05-27T16:07:17.084+0000] {logging_mixin.py:154} INFO - [2025-05-27T16:07:17.084+0000] {dag.py:3722} INFO - Setting next_dagrun for data_processing_zeta to 2025-05-27T00:00:00+00:00, run_after=2025-05-28T00:00:00+00:00
[2025-05-27T16:07:17.103+0000] {processor.py:179} INFO - Processing /opt/airflow/dags/data_processing_zeta.py took 0.087 seconds
[2025-05-27T16:07:47.659+0000] {processor.py:157} INFO - Started process (PID=17403) to work on /opt/airflow/dags/data_processing_zeta.py
[2025-05-27T16:07:47.661+0000] {processor.py:829} INFO - Processing file /opt/airflow/dags/data_processing_zeta.py for tasks to queue
[2025-05-27T16:07:47.662+0000] {logging_mixin.py:154} INFO - [2025-05-27T16:07:47.661+0000] {dagbag.py:536} INFO - Filling up the DagBag from /opt/airflow/dags/data_processing_zeta.py
[2025-05-27T16:07:47.672+0000] {processor.py:839} INFO - DAG(s) dict_keys(['data_processing_zeta']) retrieved from /opt/airflow/dags/data_processing_zeta.py
[2025-05-27T16:07:47.696+0000] {logging_mixin.py:154} INFO - [2025-05-27T16:07:47.696+0000] {dag.py:2941} INFO - Sync 1 DAGs
[2025-05-27T16:07:47.723+0000] {logging_mixin.py:154} INFO - [2025-05-27T16:07:47.723+0000] {dag.py:3722} INFO - Setting next_dagrun for data_processing_zeta to 2025-05-27T00:00:00+00:00, run_after=2025-05-28T00:00:00+00:00
[2025-05-27T16:07:47.741+0000] {processor.py:179} INFO - Processing /opt/airflow/dags/data_processing_zeta.py took 0.085 seconds
[2025-05-27T16:08:17.965+0000] {processor.py:157} INFO - Started process (PID=17645) to work on /opt/airflow/dags/data_processing_zeta.py
[2025-05-27T16:08:17.966+0000] {processor.py:829} INFO - Processing file /opt/airflow/dags/data_processing_zeta.py for tasks to queue
[2025-05-27T16:08:17.967+0000] {logging_mixin.py:154} INFO - [2025-05-27T16:08:17.967+0000] {dagbag.py:536} INFO - Filling up the DagBag from /opt/airflow/dags/data_processing_zeta.py
[2025-05-27T16:08:17.978+0000] {processor.py:839} INFO - DAG(s) dict_keys(['data_processing_zeta']) retrieved from /opt/airflow/dags/data_processing_zeta.py
[2025-05-27T16:08:18.002+0000] {logging_mixin.py:154} INFO - [2025-05-27T16:08:18.002+0000] {dag.py:2941} INFO - Sync 1 DAGs
[2025-05-27T16:08:18.029+0000] {logging_mixin.py:154} INFO - [2025-05-27T16:08:18.028+0000] {dag.py:3722} INFO - Setting next_dagrun for data_processing_zeta to 2025-05-27T00:00:00+00:00, run_after=2025-05-28T00:00:00+00:00
[2025-05-27T16:08:18.045+0000] {processor.py:179} INFO - Processing /opt/airflow/dags/data_processing_zeta.py took 0.083 seconds
[2025-05-27T16:08:48.123+0000] {processor.py:157} INFO - Started process (PID=17887) to work on /opt/airflow/dags/data_processing_zeta.py
[2025-05-27T16:08:48.124+0000] {processor.py:829} INFO - Processing file /opt/airflow/dags/data_processing_zeta.py for tasks to queue
[2025-05-27T16:08:48.125+0000] {logging_mixin.py:154} INFO - [2025-05-27T16:08:48.125+0000] {dagbag.py:536} INFO - Filling up the DagBag from /opt/airflow/dags/data_processing_zeta.py
[2025-05-27T16:08:48.135+0000] {processor.py:839} INFO - DAG(s) dict_keys(['data_processing_zeta']) retrieved from /opt/airflow/dags/data_processing_zeta.py
[2025-05-27T16:08:48.159+0000] {logging_mixin.py:154} INFO - [2025-05-27T16:08:48.159+0000] {dag.py:2941} INFO - Sync 1 DAGs
[2025-05-27T16:08:48.332+0000] {logging_mixin.py:154} INFO - [2025-05-27T16:08:48.331+0000] {dag.py:3722} INFO - Setting next_dagrun for data_processing_zeta to 2025-05-27T00:00:00+00:00, run_after=2025-05-28T00:00:00+00:00
[2025-05-27T16:08:48.348+0000] {processor.py:179} INFO - Processing /opt/airflow/dags/data_processing_zeta.py took 0.229 seconds
[2025-05-27T16:09:18.380+0000] {processor.py:157} INFO - Started process (PID=18129) to work on /opt/airflow/dags/data_processing_zeta.py
[2025-05-27T16:09:18.381+0000] {processor.py:829} INFO - Processing file /opt/airflow/dags/data_processing_zeta.py for tasks to queue
[2025-05-27T16:09:18.381+0000] {logging_mixin.py:154} INFO - [2025-05-27T16:09:18.381+0000] {dagbag.py:536} INFO - Filling up the DagBag from /opt/airflow/dags/data_processing_zeta.py
[2025-05-27T16:09:18.389+0000] {processor.py:839} INFO - DAG(s) dict_keys(['data_processing_zeta']) retrieved from /opt/airflow/dags/data_processing_zeta.py
[2025-05-27T16:09:18.405+0000] {logging_mixin.py:154} INFO - [2025-05-27T16:09:18.405+0000] {dag.py:2941} INFO - Sync 1 DAGs
[2025-05-27T16:09:18.423+0000] {logging_mixin.py:154} INFO - [2025-05-27T16:09:18.423+0000] {dag.py:3722} INFO - Setting next_dagrun for data_processing_zeta to 2025-05-27T00:00:00+00:00, run_after=2025-05-28T00:00:00+00:00
[2025-05-27T16:09:18.547+0000] {processor.py:179} INFO - Processing /opt/airflow/dags/data_processing_zeta.py took 0.170 seconds
[2025-05-27T16:09:48.879+0000] {processor.py:157} INFO - Started process (PID=18371) to work on /opt/airflow/dags/data_processing_zeta.py
[2025-05-27T16:09:48.881+0000] {processor.py:829} INFO - Processing file /opt/airflow/dags/data_processing_zeta.py for tasks to queue
[2025-05-27T16:09:48.882+0000] {logging_mixin.py:154} INFO - [2025-05-27T16:09:48.882+0000] {dagbag.py:536} INFO - Filling up the DagBag from /opt/airflow/dags/data_processing_zeta.py
[2025-05-27T16:09:48.893+0000] {processor.py:839} INFO - DAG(s) dict_keys(['data_processing_zeta']) retrieved from /opt/airflow/dags/data_processing_zeta.py
[2025-05-27T16:09:48.917+0000] {logging_mixin.py:154} INFO - [2025-05-27T16:09:48.917+0000] {dag.py:2941} INFO - Sync 1 DAGs
[2025-05-27T16:09:48.944+0000] {logging_mixin.py:154} INFO - [2025-05-27T16:09:48.944+0000] {dag.py:3722} INFO - Setting next_dagrun for data_processing_zeta to 2025-05-27T00:00:00+00:00, run_after=2025-05-28T00:00:00+00:00
[2025-05-27T16:09:48.961+0000] {processor.py:179} INFO - Processing /opt/airflow/dags/data_processing_zeta.py took 0.086 seconds
[2025-05-27T16:10:19.038+0000] {processor.py:157} INFO - Started process (PID=18613) to work on /opt/airflow/dags/data_processing_zeta.py
[2025-05-27T16:10:19.039+0000] {processor.py:829} INFO - Processing file /opt/airflow/dags/data_processing_zeta.py for tasks to queue
[2025-05-27T16:10:19.040+0000] {logging_mixin.py:154} INFO - [2025-05-27T16:10:19.039+0000] {dagbag.py:536} INFO - Filling up the DagBag from /opt/airflow/dags/data_processing_zeta.py
[2025-05-27T16:10:19.051+0000] {processor.py:839} INFO - DAG(s) dict_keys(['data_processing_zeta']) retrieved from /opt/airflow/dags/data_processing_zeta.py
[2025-05-27T16:10:19.081+0000] {logging_mixin.py:154} INFO - [2025-05-27T16:10:19.080+0000] {dag.py:2941} INFO - Sync 1 DAGs
[2025-05-27T16:10:19.127+0000] {logging_mixin.py:154} INFO - [2025-05-27T16:10:19.127+0000] {dag.py:3722} INFO - Setting next_dagrun for data_processing_zeta to 2025-05-27T00:00:00+00:00, run_after=2025-05-28T00:00:00+00:00
[2025-05-27T16:10:19.145+0000] {processor.py:179} INFO - Processing /opt/airflow/dags/data_processing_zeta.py took 0.111 seconds
[2025-05-27T16:10:49.204+0000] {processor.py:157} INFO - Started process (PID=18855) to work on /opt/airflow/dags/data_processing_zeta.py
[2025-05-27T16:10:49.205+0000] {processor.py:829} INFO - Processing file /opt/airflow/dags/data_processing_zeta.py for tasks to queue
[2025-05-27T16:10:49.206+0000] {logging_mixin.py:154} INFO - [2025-05-27T16:10:49.205+0000] {dagbag.py:536} INFO - Filling up the DagBag from /opt/airflow/dags/data_processing_zeta.py
[2025-05-27T16:10:49.213+0000] {processor.py:839} INFO - DAG(s) dict_keys(['data_processing_zeta']) retrieved from /opt/airflow/dags/data_processing_zeta.py
[2025-05-27T16:10:49.230+0000] {logging_mixin.py:154} INFO - [2025-05-27T16:10:49.230+0000] {dag.py:2941} INFO - Sync 1 DAGs
[2025-05-27T16:10:49.248+0000] {logging_mixin.py:154} INFO - [2025-05-27T16:10:49.248+0000] {dag.py:3722} INFO - Setting next_dagrun for data_processing_zeta to 2025-05-27T00:00:00+00:00, run_after=2025-05-28T00:00:00+00:00
[2025-05-27T16:10:49.261+0000] {processor.py:179} INFO - Processing /opt/airflow/dags/data_processing_zeta.py took 0.060 seconds
[2025-05-27T16:11:19.423+0000] {processor.py:157} INFO - Started process (PID=19097) to work on /opt/airflow/dags/data_processing_zeta.py
[2025-05-27T16:11:19.425+0000] {processor.py:829} INFO - Processing file /opt/airflow/dags/data_processing_zeta.py for tasks to queue
[2025-05-27T16:11:19.426+0000] {logging_mixin.py:154} INFO - [2025-05-27T16:11:19.425+0000] {dagbag.py:536} INFO - Filling up the DagBag from /opt/airflow/dags/data_processing_zeta.py
[2025-05-27T16:11:19.437+0000] {processor.py:839} INFO - DAG(s) dict_keys(['data_processing_zeta']) retrieved from /opt/airflow/dags/data_processing_zeta.py
[2025-05-27T16:11:19.461+0000] {logging_mixin.py:154} INFO - [2025-05-27T16:11:19.461+0000] {dag.py:2941} INFO - Sync 1 DAGs
[2025-05-27T16:11:19.487+0000] {logging_mixin.py:154} INFO - [2025-05-27T16:11:19.487+0000] {dag.py:3722} INFO - Setting next_dagrun for data_processing_zeta to 2025-05-27T00:00:00+00:00, run_after=2025-05-28T00:00:00+00:00
[2025-05-27T16:11:19.503+0000] {processor.py:179} INFO - Processing /opt/airflow/dags/data_processing_zeta.py took 0.083 seconds
